[main] 2021-07-17 11:28:41 INFO  com.app.main.BankMain  - Welcome to Bank App V1.0
[main] 2021-07-17 11:28:41 INFO  com.app.main.BankMain  - ==========================
[main] 2021-07-17 11:28:41 INFO  com.app.main.BankMain  - 
Bank Menu
[main] 2021-07-17 11:28:41 INFO  com.app.main.BankMain  - 1.Login
[main] 2021-07-17 11:28:41 INFO  com.app.main.BankMain  - 2.Register as Customer
[main] 2021-07-17 11:28:41 INFO  com.app.main.BankMain  - 3.Exit
[main] 2021-07-17 11:28:41 INFO  com.app.main.BankMain  - Enter your Choice 1-3
[main] 2021-07-17 11:29:21 INFO  com.app.main.BankMain  - Welcome to Bank App V1.0
[main] 2021-07-17 11:29:21 INFO  com.app.main.BankMain  - ==========================
[main] 2021-07-17 11:29:21 INFO  com.app.main.BankMain  - 
Bank Menu
[main] 2021-07-17 11:29:21 INFO  com.app.main.BankMain  - 1.Login
[main] 2021-07-17 11:29:21 INFO  com.app.main.BankMain  - 2.Register as Customer
[main] 2021-07-17 11:29:21 INFO  com.app.main.BankMain  - 3.Exit
[main] 2021-07-17 11:29:21 INFO  com.app.main.BankMain  - Enter your Choice 1-3
[main] 2021-07-17 11:36:06 INFO  com.app.main.BankMain  - Welcome to Bank App V1.0
[main] 2021-07-17 11:36:06 INFO  com.app.main.BankMain  - ==========================
[main] 2021-07-17 11:36:06 INFO  com.app.main.BankMain  - 
Bank Menu
[main] 2021-07-17 11:36:06 INFO  com.app.main.BankMain  - 1.Login
[main] 2021-07-17 11:36:06 INFO  com.app.main.BankMain  - 2.Register as Customer
[main] 2021-07-17 11:36:06 INFO  com.app.main.BankMain  - 3.Exit
[main] 2021-07-17 11:36:06 INFO  com.app.main.BankMain  - Enter your Choice 1-3
[main] 2021-07-17 11:36:15 INFO  com.app.main.BankMain  - 
1.Login as Employee
[main] 2021-07-17 11:36:15 INFO  com.app.main.BankMain  - 
2.Login as Employee
[main] 2021-07-17 11:36:15 INFO  com.app.main.BankMain  - 
Enter your Choice 1-2
[main] 2021-07-17 11:36:15 INFO  com.app.main.BankMain  - Welcome to Bank App V1.0
[main] 2021-07-17 11:36:15 INFO  com.app.main.BankMain  - ==========================
[main] 2021-07-17 11:36:15 INFO  com.app.main.BankMain  - 
Bank Menu
[main] 2021-07-17 11:36:15 INFO  com.app.main.BankMain  - 1.Login
[main] 2021-07-17 11:36:15 INFO  com.app.main.BankMain  - 2.Register as Customer
[main] 2021-07-17 11:36:15 INFO  com.app.main.BankMain  - 3.Exit
[main] 2021-07-17 11:36:15 INFO  com.app.main.BankMain  - Enter your Choice 1-3
[main] 2021-07-17 11:42:50 INFO  com.app.main.BankMain  - Welcome to Bank App V1.0
[main] 2021-07-17 11:42:50 INFO  com.app.main.BankMain  - ==========================
[main] 2021-07-17 11:42:50 INFO  com.app.main.BankMain  - 
Bank Menu
[main] 2021-07-17 11:42:50 INFO  com.app.main.BankMain  - 1.Login
[main] 2021-07-17 11:42:50 INFO  com.app.main.BankMain  - 2.Register as Customer
[main] 2021-07-17 11:42:50 INFO  com.app.main.BankMain  - 3.Exit
[main] 2021-07-17 11:42:50 INFO  com.app.main.BankMain  - Enter your Choice 1-3
[main] 2021-07-17 11:42:57 INFO  com.app.main.BankMain  - Welcome to Customer Registration Page
[main] 2021-07-17 11:42:57 INFO  com.app.main.BankMain  - 
Enter your Name
[main] 2021-07-17 11:43:25 INFO  com.app.main.BankMain  - 
Enter your Email
[main] 2021-07-17 11:43:35 INFO  com.app.main.BankMain  - 
Enter your Username
[main] 2021-07-17 11:43:41 INFO  com.app.main.BankMain  - 
Enter your Password
[main] 2021-07-17 11:43:47 INFO  com.app.main.BankMain  - 
Enter your Mobileno
[main] 2021-07-17 11:44:04 INFO  com.app.main.BankMain  - Welcome to Bank App V1.0
[main] 2021-07-17 11:44:04 INFO  com.app.main.BankMain  - ==========================
[main] 2021-07-17 11:44:04 INFO  com.app.main.BankMain  - 
Bank Menu
[main] 2021-07-17 11:44:04 INFO  com.app.main.BankMain  - 1.Login
[main] 2021-07-17 11:44:04 INFO  com.app.main.BankMain  - 2.Register as Customer
[main] 2021-07-17 11:44:04 INFO  com.app.main.BankMain  - 3.Exit
[main] 2021-07-17 11:44:04 INFO  com.app.main.BankMain  - Enter your Choice 1-3
[main] 2021-07-17 11:44:04 INFO  com.app.main.BankMain  - Welcome to Customer Registration Page
[main] 2021-07-17 11:44:04 INFO  com.app.main.BankMain  - 
Enter your Name
[main] 2021-07-17 14:28:16 INFO  com.app.main.BankMain  - Welcome to Bank App V1.0
[main] 2021-07-17 14:28:16 INFO  com.app.main.BankMain  - ==========================
[main] 2021-07-17 14:28:16 INFO  com.app.main.BankMain  - 
Bank Menu
[main] 2021-07-17 14:28:16 INFO  com.app.main.BankMain  - 1.Login
[main] 2021-07-17 14:28:16 INFO  com.app.main.BankMain  - 2.Register as Customer
[main] 2021-07-17 14:28:16 INFO  com.app.main.BankMain  - 3.Exit
[main] 2021-07-17 14:28:16 INFO  com.app.main.BankMain  - Enter your Choice 1-3
[main] 2021-07-17 14:28:23 INFO  com.app.main.BankMain  - Welcome to Customer Registration Page
[main] 2021-07-17 14:28:23 INFO  com.app.main.BankMain  - 
Enter your Name
[main] 2021-07-17 14:28:28 INFO  com.app.main.BankMain  - 
Enter your Email
[main] 2021-07-17 14:28:29 INFO  com.app.main.BankMain  - 
Enter your Username
[main] 2021-07-17 14:28:31 INFO  com.app.main.BankMain  - 
Enter your Password
[main] 2021-07-17 14:28:34 INFO  com.app.main.BankMain  - 
Enter your Mobileno
[main] 2021-07-17 14:28:38 INFO  com.app.main.BankMain  - User egistered Successfully
[main] 2021-07-17 14:28:38 INFO  com.app.main.BankMain  - Welcome to Bank App V1.0
[main] 2021-07-17 14:28:38 INFO  com.app.main.BankMain  - ==========================
[main] 2021-07-17 14:28:38 INFO  com.app.main.BankMain  - 
Bank Menu
[main] 2021-07-17 14:28:38 INFO  com.app.main.BankMain  - 1.Login
[main] 2021-07-17 14:28:38 INFO  com.app.main.BankMain  - 2.Register as Customer
[main] 2021-07-17 14:28:38 INFO  com.app.main.BankMain  - 3.Exit
[main] 2021-07-17 14:28:38 INFO  com.app.main.BankMain  - Enter your Choice 1-3
[main] 2021-07-17 14:28:38 INFO  com.app.main.BankMain  - Welcome to Customer Registration Page
[main] 2021-07-17 14:28:38 INFO  com.app.main.BankMain  - 
Enter your Name
[main] 2021-07-17 15:50:27 INFO  com.app.main.BankMain  - Welcome to Bank App V1.0
[main] 2021-07-17 15:50:27 INFO  com.app.main.BankMain  - ==========================
[main] 2021-07-17 15:50:27 INFO  com.app.main.BankMain  - 
Bank Menu
[main] 2021-07-17 15:50:27 INFO  com.app.main.BankMain  - 1.Login
[main] 2021-07-17 15:50:27 INFO  com.app.main.BankMain  - 2.Register as Customer
[main] 2021-07-17 15:50:27 INFO  com.app.main.BankMain  - 3.Exit
[main] 2021-07-17 15:50:27 INFO  com.app.main.BankMain  - Enter your Choice 1-3
[main] 2021-07-17 15:50:34 INFO  com.app.main.BankMain  - 
1.Login as Employee
[main] 2021-07-17 15:50:34 INFO  com.app.main.BankMain  - 
2.Login as Customer
[main] 2021-07-17 15:50:34 INFO  com.app.main.BankMain  - 
Enter your Choice 1-2
[main] 2021-07-17 15:50:42 INFO  com.app.main.BankMain  - 
Welcome to Employee Login Page
[main] 2021-07-17 15:50:42 INFO  com.app.main.BankMain  - 
Enter Username
[main] 2021-07-17 15:50:53 INFO  com.app.main.BankMain  - 
Enter Password
[main] 2021-07-17 15:57:32 INFO  com.app.main.BankMain  - Welcome to Bank App V1.0
[main] 2021-07-17 15:57:32 INFO  com.app.main.BankMain  - ==========================
[main] 2021-07-17 15:57:32 INFO  com.app.main.BankMain  - 
Bank Menu
[main] 2021-07-17 15:57:32 INFO  com.app.main.BankMain  - 1.Login
[main] 2021-07-17 15:57:32 INFO  com.app.main.BankMain  - 2.Register as Customer
[main] 2021-07-17 15:57:32 INFO  com.app.main.BankMain  - 3.Exit
[main] 2021-07-17 15:57:32 INFO  com.app.main.BankMain  - Enter your Choice 1-3
[main] 2021-07-17 15:57:39 INFO  com.app.main.BankMain  - 
1.Login as Employee
[main] 2021-07-17 15:57:39 INFO  com.app.main.BankMain  - 
2.Login as Customer
[main] 2021-07-17 15:57:39 INFO  com.app.main.BankMain  - 
Enter your Choice 1-2
[main] 2021-07-17 15:57:49 INFO  com.app.main.BankMain  - 
Welcome to Employee Login Page
[main] 2021-07-17 15:57:49 INFO  com.app.main.BankMain  - 
Enter Username
[main] 2021-07-17 15:57:59 INFO  com.app.main.BankMain  - 
Enter Password
[main] 2021-07-17 15:59:07 INFO  com.app.main.BankMain  - Welcome to Bank App V1.0
[main] 2021-07-17 15:59:07 INFO  com.app.main.BankMain  - ==========================
[main] 2021-07-17 15:59:07 INFO  com.app.main.BankMain  - 
Bank Menu
[main] 2021-07-17 15:59:07 INFO  com.app.main.BankMain  - 1.Login
[main] 2021-07-17 15:59:07 INFO  com.app.main.BankMain  - 2.Register as Customer
[main] 2021-07-17 15:59:07 INFO  com.app.main.BankMain  - 3.Exit
[main] 2021-07-17 15:59:07 INFO  com.app.main.BankMain  - Enter your Choice 1-3
[main] 2021-07-17 15:59:10 INFO  com.app.main.BankMain  - 
1.Login as Employee
[main] 2021-07-17 15:59:10 INFO  com.app.main.BankMain  - 
2.Login as Customer
[main] 2021-07-17 15:59:10 INFO  com.app.main.BankMain  - 
Enter your Choice 1-2
[main] 2021-07-17 15:59:17 INFO  com.app.main.BankMain  - 
Welcome to Employee Login Page
[main] 2021-07-17 15:59:17 INFO  com.app.main.BankMain  - 
Enter Username
[main] 2021-07-17 15:59:28 INFO  com.app.main.BankMain  - 
Enter Password
[main] 2021-07-17 16:12:33 INFO  com.app.main.BankMain  - Welcome to Bank App V1.0
[main] 2021-07-17 16:12:33 INFO  com.app.main.BankMain  - ==========================
[main] 2021-07-17 16:12:33 INFO  com.app.main.BankMain  - 
Bank Menu
[main] 2021-07-17 16:12:33 INFO  com.app.main.BankMain  - 1.Login
[main] 2021-07-17 16:12:33 INFO  com.app.main.BankMain  - 2.Register as Customer
[main] 2021-07-17 16:12:33 INFO  com.app.main.BankMain  - 3.Exit
[main] 2021-07-17 16:12:33 INFO  com.app.main.BankMain  - Enter your Choice 1-3
[main] 2021-07-17 16:12:37 INFO  com.app.main.BankMain  - 
1.Login as Employee
[main] 2021-07-17 16:12:37 INFO  com.app.main.BankMain  - 
2.Login as Customer
[main] 2021-07-17 16:12:37 INFO  com.app.main.BankMain  - 
Enter your Choice 1-2
[main] 2021-07-17 16:12:44 INFO  com.app.main.BankMain  - 
Welcome to Employee Login Page
[main] 2021-07-17 16:12:44 INFO  com.app.main.BankMain  - 
Enter Username
[main] 2021-07-17 16:12:51 INFO  com.app.main.BankMain  - 
Enter Password
[main] 2021-07-17 16:15:13 INFO  com.app.main.BankMain  - Welcome to Bank App V1.0
[main] 2021-07-17 16:15:13 INFO  com.app.main.BankMain  - ==========================
[main] 2021-07-17 16:15:13 INFO  com.app.main.BankMain  - 
Bank Menu
[main] 2021-07-17 16:15:13 INFO  com.app.main.BankMain  - 1.Login
[main] 2021-07-17 16:15:13 INFO  com.app.main.BankMain  - 2.Register as Customer
[main] 2021-07-17 16:15:13 INFO  com.app.main.BankMain  - 3.Exit
[main] 2021-07-17 16:15:13 INFO  com.app.main.BankMain  - Enter your Choice 1-3
[main] 2021-07-17 16:15:17 INFO  com.app.main.BankMain  - 
1.Login as Employee
[main] 2021-07-17 16:15:17 INFO  com.app.main.BankMain  - 
2.Login as Customer
[main] 2021-07-17 16:15:17 INFO  com.app.main.BankMain  - 
Enter your Choice 1-2
[main] 2021-07-17 16:15:20 INFO  com.app.main.BankMain  - 
Welcome to Employee Login Page
[main] 2021-07-17 16:15:20 INFO  com.app.main.BankMain  - 
Enter Username
[main] 2021-07-17 16:15:25 INFO  com.app.main.BankMain  - 
Enter Password
[main] 2021-07-17 18:12:47 INFO  com.app.main.BankMain  - Welcome to Bank App V1.0
[main] 2021-07-17 18:12:47 INFO  com.app.main.BankMain  - ==========================
[main] 2021-07-17 18:12:47 INFO  com.app.main.BankMain  - 
Bank Menu
[main] 2021-07-17 18:12:47 INFO  com.app.main.BankMain  - 1.Login
[main] 2021-07-17 18:12:47 INFO  com.app.main.BankMain  - 2.Register as Customer
[main] 2021-07-17 18:12:47 INFO  com.app.main.BankMain  - 3.Exit
[main] 2021-07-17 18:12:47 INFO  com.app.main.BankMain  - Enter your Choice 1-3
[main] 2021-07-17 18:12:59 INFO  com.app.main.BankMain  - 
1.Login as Employee
[main] 2021-07-17 18:12:59 INFO  com.app.main.BankMain  - 
2.Login as Customer
[main] 2021-07-17 18:12:59 INFO  com.app.main.BankMain  - 
Enter your Choice 1-2
[main] 2021-07-17 18:13:04 INFO  com.app.main.BankMain  - 
Welcome to Customer Login
[main] 2021-07-17 18:13:04 INFO  com.app.main.BankMain  - 
Enter Username
[main] 2021-07-17 18:13:47 INFO  com.app.main.BankMain  - 
Enter Password
[main] 2021-07-17 18:14:51 INFO  com.app.main.BankMain  - Welcome to Bank App V1.0
[main] 2021-07-17 18:14:51 INFO  com.app.main.BankMain  - ==========================
[main] 2021-07-17 18:14:51 INFO  com.app.main.BankMain  - 
Bank Menu
[main] 2021-07-17 18:14:51 INFO  com.app.main.BankMain  - 1.Login
[main] 2021-07-17 18:14:51 INFO  com.app.main.BankMain  - 2.Register as Customer
[main] 2021-07-17 18:14:51 INFO  com.app.main.BankMain  - 3.Exit
[main] 2021-07-17 18:14:51 INFO  com.app.main.BankMain  - Enter your Choice 1-3
[main] 2021-07-17 18:15:08 INFO  com.app.main.BankMain  - 
1.Login as Employee
[main] 2021-07-17 18:15:08 INFO  com.app.main.BankMain  - 
2.Login as Customer
[main] 2021-07-17 18:15:08 INFO  com.app.main.BankMain  - 
Enter your Choice 1-2
[main] 2021-07-17 18:15:12 INFO  com.app.main.BankMain  - 
Welcome to Customer Login
[main] 2021-07-17 18:15:12 INFO  com.app.main.BankMain  - 
Enter Username
[main] 2021-07-17 18:15:23 INFO  com.app.main.BankMain  - 
Enter Password
[main] 2021-07-17 18:17:35 INFO  com.app.main.BankMain  - Welcome to Bank App V1.0
[main] 2021-07-17 18:17:35 INFO  com.app.main.BankMain  - ==========================
[main] 2021-07-17 18:17:35 INFO  com.app.main.BankMain  - 
Bank Menu
[main] 2021-07-17 18:17:35 INFO  com.app.main.BankMain  - 1.Login
[main] 2021-07-17 18:17:35 INFO  com.app.main.BankMain  - 2.Register as Customer
[main] 2021-07-17 18:17:35 INFO  com.app.main.BankMain  - 3.Exit
[main] 2021-07-17 18:17:35 INFO  com.app.main.BankMain  - Enter your Choice 1-3
[main] 2021-07-17 18:17:40 INFO  com.app.main.BankMain  - 
1.Login as Employee
[main] 2021-07-17 18:17:40 INFO  com.app.main.BankMain  - 
2.Login as Customer
[main] 2021-07-17 18:17:40 INFO  com.app.main.BankMain  - 
Enter your Choice 1-2
[main] 2021-07-17 18:17:46 INFO  com.app.main.BankMain  - 
Welcome to Customer Login
[main] 2021-07-17 18:17:46 INFO  com.app.main.BankMain  - 
Enter Username
[main] 2021-07-17 18:17:54 INFO  com.app.main.BankMain  - 
Enter Password
[main] 2021-07-17 18:21:15 INFO  com.app.main.BankMain  - Welcome to Bank App V1.0
[main] 2021-07-17 18:21:15 INFO  com.app.main.BankMain  - ==========================
[main] 2021-07-17 18:21:15 INFO  com.app.main.BankMain  - 
Bank Menu
[main] 2021-07-17 18:21:15 INFO  com.app.main.BankMain  - 1.Login
[main] 2021-07-17 18:21:15 INFO  com.app.main.BankMain  - 2.Register as Customer
[main] 2021-07-17 18:21:15 INFO  com.app.main.BankMain  - 3.Exit
[main] 2021-07-17 18:21:15 INFO  com.app.main.BankMain  - Enter your Choice 1-3
[main] 2021-07-17 18:21:18 INFO  com.app.main.BankMain  - 
1.Login as Employee
[main] 2021-07-17 18:21:18 INFO  com.app.main.BankMain  - 
2.Login as Customer
[main] 2021-07-17 18:21:18 INFO  com.app.main.BankMain  - 
Enter your Choice 1-2
[main] 2021-07-17 18:21:23 INFO  com.app.main.BankMain  - 
Welcome to Customer Login
[main] 2021-07-17 18:21:23 INFO  com.app.main.BankMain  - 
Enter Username
[main] 2021-07-17 18:21:32 INFO  com.app.main.BankMain  - 
Enter Password
[main] 2021-07-17 18:21:38 INFO  com.app.main.BankMain  - Welcome to Bank App V1.0
[main] 2021-07-17 18:21:38 INFO  com.app.main.BankMain  - ==========================
[main] 2021-07-17 18:21:38 INFO  com.app.main.BankMain  - 
Bank Menu
[main] 2021-07-17 18:21:38 INFO  com.app.main.BankMain  - 1.Login
[main] 2021-07-17 18:21:38 INFO  com.app.main.BankMain  - 2.Register as Customer
[main] 2021-07-17 18:21:38 INFO  com.app.main.BankMain  - 3.Exit
[main] 2021-07-17 18:21:38 INFO  com.app.main.BankMain  - Enter your Choice 1-3
[main] 2021-07-17 18:26:51 INFO  com.app.main.BankMain  - Welcome to Bank App V1.0
[main] 2021-07-17 18:26:51 INFO  com.app.main.BankMain  - ==========================
[main] 2021-07-17 18:26:51 INFO  com.app.main.BankMain  - 
Bank Menu
[main] 2021-07-17 18:26:51 INFO  com.app.main.BankMain  - 1.Login
[main] 2021-07-17 18:26:51 INFO  com.app.main.BankMain  - 2.Register as Customer
[main] 2021-07-17 18:26:51 INFO  com.app.main.BankMain  - 3.Exit
[main] 2021-07-17 18:26:51 INFO  com.app.main.BankMain  - Enter your Choice 1-3
[main] 2021-07-17 18:26:55 INFO  com.app.main.BankMain  - 
1.Login as Employee
[main] 2021-07-17 18:26:55 INFO  com.app.main.BankMain  - 
2.Login as Customer
[main] 2021-07-17 18:26:55 INFO  com.app.main.BankMain  - 
Enter your Choice 1-2
[main] 2021-07-17 18:26:58 INFO  com.app.main.BankMain  - 
Welcome to Customer Login
[main] 2021-07-17 18:26:58 INFO  com.app.main.BankMain  - 
Enter Username
[main] 2021-07-17 18:27:05 INFO  com.app.main.BankMain  - 
Enter Password
[main] 2021-07-17 18:27:12 INFO  com.app.main.BankMain  - Welcome to Bank App V1.0
[main] 2021-07-17 18:27:12 INFO  com.app.main.BankMain  - ==========================
[main] 2021-07-17 18:27:12 INFO  com.app.main.BankMain  - 
Bank Menu
[main] 2021-07-17 18:27:12 INFO  com.app.main.BankMain  - 1.Login
[main] 2021-07-17 18:27:12 INFO  com.app.main.BankMain  - 2.Register as Customer
[main] 2021-07-17 18:27:12 INFO  com.app.main.BankMain  - 3.Exit
[main] 2021-07-17 18:27:12 INFO  com.app.main.BankMain  - Enter your Choice 1-3
[main] 2021-07-17 18:28:37 INFO  com.app.main.BankMain  - Welcome to Bank App V1.0
[main] 2021-07-17 18:28:37 INFO  com.app.main.BankMain  - ==========================
[main] 2021-07-17 18:28:37 INFO  com.app.main.BankMain  - 
Bank Menu
[main] 2021-07-17 18:28:37 INFO  com.app.main.BankMain  - 1.Login
[main] 2021-07-17 18:28:37 INFO  com.app.main.BankMain  - 2.Register as Customer
[main] 2021-07-17 18:28:37 INFO  com.app.main.BankMain  - 3.Exit
[main] 2021-07-17 18:28:37 INFO  com.app.main.BankMain  - Enter your Choice 1-3
[main] 2021-07-17 18:28:41 INFO  com.app.main.BankMain  - 
1.Login as Employee
[main] 2021-07-17 18:28:41 INFO  com.app.main.BankMain  - 
2.Login as Customer
[main] 2021-07-17 18:28:41 INFO  com.app.main.BankMain  - 
Enter your Choice 1-2
[main] 2021-07-17 18:28:44 INFO  com.app.main.BankMain  - 
Welcome to Customer Login
[main] 2021-07-17 18:28:44 INFO  com.app.main.BankMain  - 
Enter Username
[main] 2021-07-17 18:28:51 INFO  com.app.main.BankMain  - 
Enter Password
[main] 2021-07-17 18:28:56 INFO  com.app.main.BankMain  - Invalid Details
[main] 2021-07-17 18:28:56 INFO  com.app.main.BankMain  - Welcome to Bank App V1.0
[main] 2021-07-17 18:28:56 INFO  com.app.main.BankMain  - ==========================
[main] 2021-07-17 18:28:56 INFO  com.app.main.BankMain  - 
Bank Menu
[main] 2021-07-17 18:28:56 INFO  com.app.main.BankMain  - 1.Login
[main] 2021-07-17 18:28:56 INFO  com.app.main.BankMain  - 2.Register as Customer
[main] 2021-07-17 18:28:56 INFO  com.app.main.BankMain  - 3.Exit
[main] 2021-07-17 18:28:56 INFO  com.app.main.BankMain  - Enter your Choice 1-3
[main] 2021-07-17 18:29:22 INFO  com.app.main.BankMain  - 
1.Login as Employee
[main] 2021-07-17 18:29:22 INFO  com.app.main.BankMain  - 
2.Login as Customer
[main] 2021-07-17 18:29:22 INFO  com.app.main.BankMain  - 
Enter your Choice 1-2
[main] 2021-07-17 18:29:27 INFO  com.app.main.BankMain  - 
Welcome to Customer Login
[main] 2021-07-17 18:29:27 INFO  com.app.main.BankMain  - 
Enter Username
[main] 2021-07-17 18:29:47 INFO  com.app.main.BankMain  - 
Enter Password
[main] 2021-07-17 18:29:53 INFO  com.app.main.BankMain  - Invalid Details
[main] 2021-07-17 18:29:53 INFO  com.app.main.BankMain  - Welcome to Bank App V1.0
[main] 2021-07-17 18:29:53 INFO  com.app.main.BankMain  - ==========================
[main] 2021-07-17 18:29:53 INFO  com.app.main.BankMain  - 
Bank Menu
[main] 2021-07-17 18:29:53 INFO  com.app.main.BankMain  - 1.Login
[main] 2021-07-17 18:29:53 INFO  com.app.main.BankMain  - 2.Register as Customer
[main] 2021-07-17 18:29:53 INFO  com.app.main.BankMain  - 3.Exit
[main] 2021-07-17 18:29:53 INFO  com.app.main.BankMain  - Enter your Choice 1-3
[main] 2021-07-17 20:30:32 INFO  com.app.main.BankMain  - Welcome to Bank App V1.0
[main] 2021-07-17 20:30:32 INFO  com.app.main.BankMain  - ==========================
[main] 2021-07-17 20:30:32 INFO  com.app.main.BankMain  - 
Bank Menu
[main] 2021-07-17 20:30:32 INFO  com.app.main.BankMain  - 1.Login
[main] 2021-07-17 20:30:32 INFO  com.app.main.BankMain  - 2.Register as Customer
[main] 2021-07-17 20:30:32 INFO  com.app.main.BankMain  - 3.Exit
[main] 2021-07-17 20:30:32 INFO  com.app.main.BankMain  - Enter your Choice 1-3
[main] 2021-07-17 20:30:36 INFO  com.app.main.BankMain  - 
1.Login as Employee
[main] 2021-07-17 20:30:36 INFO  com.app.main.BankMain  - 
2.Login as Customer
[main] 2021-07-17 20:30:36 INFO  com.app.main.BankMain  - 
Enter your Choice 1-2
[main] 2021-07-17 20:30:41 INFO  com.app.main.BankMain  - 
Welcome to Employee Login
[main] 2021-07-17 20:30:41 INFO  com.app.main.BankMain  - 
Enter Username
[main] 2021-07-17 20:30:56 INFO  com.app.main.BankMain  - 
Enter Password
[main] 2021-07-17 20:31:02 INFO  com.app.main.BankMain  - Employee Login Successful
[main] 2021-07-17 20:31:32 INFO  com.app.main.BankMain  - Welcome to Bank App V1.0
[main] 2021-07-17 20:31:32 INFO  com.app.main.BankMain  - ==========================
[main] 2021-07-17 20:31:32 INFO  com.app.main.BankMain  - 
Bank Menu
[main] 2021-07-17 20:31:32 INFO  com.app.main.BankMain  - 1.Login
[main] 2021-07-17 20:31:32 INFO  com.app.main.BankMain  - 2.Register as Customer
[main] 2021-07-17 20:31:32 INFO  com.app.main.BankMain  - 3.Exit
[main] 2021-07-17 20:31:32 INFO  com.app.main.BankMain  - Enter your Choice 1-3
[main] 2021-07-17 20:31:36 INFO  com.app.main.BankMain  - 
1.Login as Employee
[main] 2021-07-17 20:31:36 INFO  com.app.main.BankMain  - 
2.Login as Customer
[main] 2021-07-17 20:31:36 INFO  com.app.main.BankMain  - 
Enter your Choice 1-2
[main] 2021-07-17 20:31:40 INFO  com.app.main.BankMain  - 
Welcome to Employee Login
[main] 2021-07-17 20:31:40 INFO  com.app.main.BankMain  - 
Enter Username
[main] 2021-07-17 20:31:43 INFO  com.app.main.BankMain  - 
Enter Password
[main] 2021-07-17 20:31:49 INFO  com.app.main.BankMain  - Invalid Login Details
[main] 2021-07-17 22:06:12 INFO  com.app.main.BankMain  - Welcome to Bank App V1.0
[main] 2021-07-17 22:06:12 INFO  com.app.main.BankMain  - ==========================
[main] 2021-07-17 22:06:12 INFO  com.app.main.BankMain  - 
Bank Menu
[main] 2021-07-17 22:06:12 INFO  com.app.main.BankMain  - 1.Login
[main] 2021-07-17 22:06:12 INFO  com.app.main.BankMain  - 2.Register as Customer
[main] 2021-07-17 22:06:12 INFO  com.app.main.BankMain  - 3.Exit
[main] 2021-07-17 22:06:12 INFO  com.app.main.BankMain  - Enter your Choice 1-3
[main] 2021-07-17 22:06:18 INFO  com.app.main.BankMain  - 
1.Login as Employee
[main] 2021-07-17 22:06:18 INFO  com.app.main.BankMain  - 
2.Login as Customer
[main] 2021-07-17 22:06:18 INFO  com.app.main.BankMain  - 
Enter your Choice 1-2
[main] 2021-07-17 22:06:23 INFO  com.app.main.BankMain  - 
Welcome to Employee Login
[main] 2021-07-17 22:06:23 INFO  com.app.main.BankMain  - 
Enter Username
[main] 2021-07-17 22:06:32 INFO  com.app.main.BankMain  - 
Enter Password
[main] 2021-07-17 22:06:59 INFO  com.app.main.BankMain  - Employee Login Successful
[main] 2021-07-17 22:06:59 INFO  com.app.main.BankMain  - 
WelcomeAfzaal Khan
[main] 2021-07-17 22:06:59 INFO  com.app.main.BankMain  - 
1.Open Bank Account
[main] 2021-07-17 22:06:59 INFO  com.app.main.BankMain  - 
2.Account Approve
[main] 2021-07-17 22:06:59 INFO  com.app.main.BankMain  - 
3.View Customer's Details 
[main] 2021-07-17 22:06:59 INFO  com.app.main.BankMain  - 
4.View Customer's Account Details 
[main] 2021-07-17 22:06:59 INFO  com.app.main.BankMain  - 
5.View Customer's Transaction Detail 
[main] 2021-07-17 22:06:59 INFO  com.app.main.BankMain  - 
6.Logout 
[main] 2021-07-17 22:06:59 INFO  com.app.main.BankMain  - 
Enter your Choice between 1-6 
[main] 2021-07-17 22:07:12 INFO  com.app.main.BankMain  - 
Enter your Username
[main] 2021-07-17 22:07:25 INFO  com.app.main.BankMain  - 
Enter your First Name
[main] 2021-07-17 22:07:30 INFO  com.app.main.BankMain  - 
Enter Last Name
[main] 2021-07-17 22:07:35 INFO  com.app.main.BankMain  - 
Enter your DOB
[main] 2021-07-17 22:07:53 INFO  com.app.main.BankMain  - 
Enter your Adhar
[main] 2021-07-17 22:07:58 INFO  com.app.main.BankMain  - 
Enter your PAN
[main] 2021-07-17 22:08:04 INFO  com.app.main.BankMain  - 
Enter your City
[main] 2021-07-17 22:08:11 INFO  com.app.main.BankMain  - 
Enter your State
[main] 2021-07-17 22:08:17 INFO  com.app.main.BankMain  - 
Enter your account Opening Balance
[main] 2021-07-17 22:08:25 INFO  com.app.main.BankMain  - 
Bank Account created Successfully
[main] 2021-07-17 22:08:25 INFO  com.app.main.BankMain  - 
WelcomeAfzaal Khan
[main] 2021-07-17 22:08:25 INFO  com.app.main.BankMain  - 
1.Open Bank Account
[main] 2021-07-17 22:08:25 INFO  com.app.main.BankMain  - 
2.Account Approve
[main] 2021-07-17 22:08:25 INFO  com.app.main.BankMain  - 
3.View Customer's Details 
[main] 2021-07-17 22:08:25 INFO  com.app.main.BankMain  - 
4.View Customer's Account Details 
[main] 2021-07-17 22:08:25 INFO  com.app.main.BankMain  - 
5.View Customer's Transaction Detail 
[main] 2021-07-17 22:08:25 INFO  com.app.main.BankMain  - 
6.Logout 
[main] 2021-07-17 22:08:25 INFO  com.app.main.BankMain  - 
Enter your Choice between 1-6 
[main] 2021-07-18 08:52:31 INFO  com.app.main.BankMain  - Welcome to Bank App V1.0
[main] 2021-07-18 08:52:31 INFO  com.app.main.BankMain  - ==========================
[main] 2021-07-18 08:52:31 INFO  com.app.main.BankMain  - 
Bank Menu
[main] 2021-07-18 08:52:31 INFO  com.app.main.BankMain  - 1.Login
[main] 2021-07-18 08:52:31 INFO  com.app.main.BankMain  - 2.Register as Customer
[main] 2021-07-18 08:52:31 INFO  com.app.main.BankMain  - 3.Exit
[main] 2021-07-18 08:52:31 INFO  com.app.main.BankMain  - Enter your Choice 1-3
[main] 2021-07-18 08:52:38 INFO  com.app.main.BankMain  - 
1.Login as Employee
[main] 2021-07-18 08:52:38 INFO  com.app.main.BankMain  - 
2.Login as Customer
[main] 2021-07-18 08:52:38 INFO  com.app.main.BankMain  - 
Enter your Choice 1-2
[main] 2021-07-18 08:52:45 INFO  com.app.main.BankMain  - 
Welcome to Customer Login
[main] 2021-07-18 08:52:45 INFO  com.app.main.BankMain  - 
Enter Username
[main] 2021-07-18 08:54:09 INFO  com.app.main.BankMain  - 
Enter Password
[main] 2021-07-18 08:54:17 WARN  com.app.main.BankMain  - Customer Login Failed
[main] 2021-07-18 08:57:45 INFO  com.app.main.BankMain  - Welcome to Bank App V1.0
[main] 2021-07-18 08:57:45 INFO  com.app.main.BankMain  - ==========================
[main] 2021-07-18 08:57:45 INFO  com.app.main.BankMain  - 
Bank Menu
[main] 2021-07-18 08:57:45 INFO  com.app.main.BankMain  - 1.Login
[main] 2021-07-18 08:57:45 INFO  com.app.main.BankMain  - 2.Register as Customer
[main] 2021-07-18 08:57:45 INFO  com.app.main.BankMain  - 3.Exit
[main] 2021-07-18 08:57:45 INFO  com.app.main.BankMain  - Enter your Choice 1-3
[main] 2021-07-18 08:57:49 INFO  com.app.main.BankMain  - 
1.Login as Employee
[main] 2021-07-18 08:57:49 INFO  com.app.main.BankMain  - 
2.Login as Customer
[main] 2021-07-18 08:57:49 INFO  com.app.main.BankMain  - 
Enter your Choice 1-2
[main] 2021-07-18 08:57:54 INFO  com.app.main.BankMain  - 
Welcome to Customer Login
[main] 2021-07-18 08:57:54 INFO  com.app.main.BankMain  - 
Enter Username
[main] 2021-07-18 08:58:05 INFO  com.app.main.BankMain  - 
Enter Password
[main] 2021-07-18 08:58:13 WARN  com.app.main.BankMain  - Customer Login Failed
[main] 2021-07-18 09:06:55 INFO  com.app.main.BankMain  - Welcome to Bank App V1.0
[main] 2021-07-18 09:06:55 INFO  com.app.main.BankMain  - ==========================
[main] 2021-07-18 09:06:55 INFO  com.app.main.BankMain  - 
Bank Menu
[main] 2021-07-18 09:06:55 INFO  com.app.main.BankMain  - 1.Login
[main] 2021-07-18 09:06:55 INFO  com.app.main.BankMain  - 2.Register as Customer
[main] 2021-07-18 09:06:55 INFO  com.app.main.BankMain  - 3.Exit
[main] 2021-07-18 09:06:55 INFO  com.app.main.BankMain  - Enter your Choice 1-3
[main] 2021-07-18 09:06:59 INFO  com.app.main.BankMain  - 
1.Login as Employee
[main] 2021-07-18 09:06:59 INFO  com.app.main.BankMain  - 
2.Login as Customer
[main] 2021-07-18 09:06:59 INFO  com.app.main.BankMain  - 
Enter your Choice 1-2
[main] 2021-07-18 09:07:07 INFO  com.app.main.BankMain  - 
Welcome to Customer Login
[main] 2021-07-18 09:07:07 INFO  com.app.main.BankMain  - 
Enter Username
[main] 2021-07-18 09:07:14 INFO  com.app.main.BankMain  - 
Enter Password
[main] 2021-07-18 09:07:20 INFO  com.app.main.BankMain  - Invalid Details
[main] 2021-07-18 09:07:20 INFO  com.app.main.BankMain  - Welcome to Bank App V1.0
[main] 2021-07-18 09:07:20 INFO  com.app.main.BankMain  - ==========================
[main] 2021-07-18 09:07:20 INFO  com.app.main.BankMain  - 
Bank Menu
[main] 2021-07-18 09:07:20 INFO  com.app.main.BankMain  - 1.Login
[main] 2021-07-18 09:07:20 INFO  com.app.main.BankMain  - 2.Register as Customer
[main] 2021-07-18 09:07:20 INFO  com.app.main.BankMain  - 3.Exit
[main] 2021-07-18 09:07:20 INFO  com.app.main.BankMain  - Enter your Choice 1-3
[main] 2021-07-18 09:08:11 INFO  com.app.main.BankMain  - Welcome to Bank App V1.0
[main] 2021-07-18 09:08:11 INFO  com.app.main.BankMain  - ==========================
[main] 2021-07-18 09:08:11 INFO  com.app.main.BankMain  - 
Bank Menu
[main] 2021-07-18 09:08:11 INFO  com.app.main.BankMain  - 1.Login
[main] 2021-07-18 09:08:11 INFO  com.app.main.BankMain  - 2.Register as Customer
[main] 2021-07-18 09:08:11 INFO  com.app.main.BankMain  - 3.Exit
[main] 2021-07-18 09:08:11 INFO  com.app.main.BankMain  - Enter your Choice 1-3
[main] 2021-07-18 09:08:15 INFO  com.app.main.BankMain  - 
1.Login as Employee
[main] 2021-07-18 09:08:15 INFO  com.app.main.BankMain  - 
2.Login as Customer
[main] 2021-07-18 09:08:15 INFO  com.app.main.BankMain  - 
Enter your Choice 1-2
[main] 2021-07-18 09:08:19 INFO  com.app.main.BankMain  - 
Welcome to Customer Login
[main] 2021-07-18 09:08:19 INFO  com.app.main.BankMain  - 
Enter Username
[main] 2021-07-18 09:08:38 INFO  com.app.main.BankMain  - 
Enter Password
[main] 2021-07-18 09:08:50 INFO  com.app.main.BankMain  - Customer Login Successful
[main] 2021-07-18 09:08:50 INFO  com.app.main.BankMain  - Welcome to Bank App V1.0
[main] 2021-07-18 09:08:50 INFO  com.app.main.BankMain  - ==========================
[main] 2021-07-18 09:08:50 INFO  com.app.main.BankMain  - 
Bank Menu
[main] 2021-07-18 09:08:50 INFO  com.app.main.BankMain  - 1.Login
[main] 2021-07-18 09:08:50 INFO  com.app.main.BankMain  - 2.Register as Customer
[main] 2021-07-18 09:08:50 INFO  com.app.main.BankMain  - 3.Exit
[main] 2021-07-18 09:08:50 INFO  com.app.main.BankMain  - Enter your Choice 1-3
[main] 2021-07-18 09:10:12 INFO  com.app.main.BankMain  - Welcome to Bank App V1.0
[main] 2021-07-18 09:10:12 INFO  com.app.main.BankMain  - ==========================
[main] 2021-07-18 09:10:12 INFO  com.app.main.BankMain  - 
Bank Menu
[main] 2021-07-18 09:10:12 INFO  com.app.main.BankMain  - 1.Login
[main] 2021-07-18 09:10:12 INFO  com.app.main.BankMain  - 2.Register as Customer
[main] 2021-07-18 09:10:12 INFO  com.app.main.BankMain  - 3.Exit
[main] 2021-07-18 09:10:12 INFO  com.app.main.BankMain  - Enter your Choice 1-3
[main] 2021-07-18 09:10:16 INFO  com.app.main.BankMain  - Welcome to Customer Registration Page
[main] 2021-07-18 09:10:16 INFO  com.app.main.BankMain  - 
Enter your Name
[main] 2021-07-18 09:11:05 INFO  com.app.main.BankMain  - 
Enter your Email
[main] 2021-07-18 09:11:17 INFO  com.app.main.BankMain  - 
Enter your Username
[main] 2021-07-18 09:11:22 INFO  com.app.main.BankMain  - 
Enter your Password
[main] 2021-07-18 09:11:27 INFO  com.app.main.BankMain  - 
Enter your Mobileno
[main] 2021-07-18 09:12:06 INFO  com.app.main.BankMain  - Welcome to Bank App V1.0
[main] 2021-07-18 09:12:06 INFO  com.app.main.BankMain  - ==========================
[main] 2021-07-18 09:12:06 INFO  com.app.main.BankMain  - 
Bank Menu
[main] 2021-07-18 09:12:06 INFO  com.app.main.BankMain  - 1.Login
[main] 2021-07-18 09:12:06 INFO  com.app.main.BankMain  - 2.Register as Customer
[main] 2021-07-18 09:12:06 INFO  com.app.main.BankMain  - 3.Exit
[main] 2021-07-18 09:12:06 INFO  com.app.main.BankMain  - Enter your Choice 1-3
[main] 2021-07-18 09:12:09 INFO  com.app.main.BankMain  - Welcome to Customer Registration Page
[main] 2021-07-18 09:12:09 INFO  com.app.main.BankMain  - 
Enter your Name
[main] 2021-07-18 09:12:16 INFO  com.app.main.BankMain  - 
Enter your Email
[main] 2021-07-18 09:12:29 INFO  com.app.main.BankMain  - 
Enter your Username
[main] 2021-07-18 09:12:34 INFO  com.app.main.BankMain  - 
Enter your Password
[main] 2021-07-18 09:12:39 INFO  com.app.main.BankMain  - 
Enter your Mobileno
[main] 2021-07-18 09:12:48 INFO  com.app.main.BankMain  - User egistered Successfully
[main] 2021-07-18 09:12:48 INFO  com.app.main.BankMain  - Welcome to Bank App V1.0
[main] 2021-07-18 09:12:48 INFO  com.app.main.BankMain  - ==========================
[main] 2021-07-18 09:12:48 INFO  com.app.main.BankMain  - 
Bank Menu
[main] 2021-07-18 09:12:48 INFO  com.app.main.BankMain  - 1.Login
[main] 2021-07-18 09:12:48 INFO  com.app.main.BankMain  - 2.Register as Customer
[main] 2021-07-18 09:12:48 INFO  com.app.main.BankMain  - 3.Exit
[main] 2021-07-18 09:12:48 INFO  com.app.main.BankMain  - Enter your Choice 1-3
[main] 2021-07-18 09:12:48 INFO  com.app.main.BankMain  - Welcome to Customer Registration Page
[main] 2021-07-18 09:12:48 INFO  com.app.main.BankMain  - 
Enter your Name
[main] 2021-07-18 09:13:24 INFO  com.app.main.BankMain  - Welcome to Bank App V1.0
[main] 2021-07-18 09:13:24 INFO  com.app.main.BankMain  - ==========================
[main] 2021-07-18 09:13:24 INFO  com.app.main.BankMain  - 
Bank Menu
[main] 2021-07-18 09:13:24 INFO  com.app.main.BankMain  - 1.Login
[main] 2021-07-18 09:13:24 INFO  com.app.main.BankMain  - 2.Register as Customer
[main] 2021-07-18 09:13:24 INFO  com.app.main.BankMain  - 3.Exit
[main] 2021-07-18 09:13:24 INFO  com.app.main.BankMain  - Enter your Choice 1-3
[main] 2021-07-18 09:13:27 INFO  com.app.main.BankMain  - 
1.Login as Employee
[main] 2021-07-18 09:13:27 INFO  com.app.main.BankMain  - 
2.Login as Customer
[main] 2021-07-18 09:13:27 INFO  com.app.main.BankMain  - 
Enter your Choice 1-2
[main] 2021-07-18 09:13:30 INFO  com.app.main.BankMain  - 
Welcome to Customer Login
[main] 2021-07-18 09:13:30 INFO  com.app.main.BankMain  - 
Enter Username
[main] 2021-07-18 09:13:38 INFO  com.app.main.BankMain  - 
Enter Password
[main] 2021-07-18 09:13:42 INFO  com.app.main.BankMain  - Customer Login Successful
[main] 2021-07-18 09:13:42 INFO  com.app.main.BankMain  - Welcome to Bank App V1.0
[main] 2021-07-18 09:13:42 INFO  com.app.main.BankMain  - ==========================
[main] 2021-07-18 09:13:42 INFO  com.app.main.BankMain  - 
Bank Menu
[main] 2021-07-18 09:13:42 INFO  com.app.main.BankMain  - 1.Login
[main] 2021-07-18 09:13:42 INFO  com.app.main.BankMain  - 2.Register as Customer
[main] 2021-07-18 09:13:42 INFO  com.app.main.BankMain  - 3.Exit
[main] 2021-07-18 09:13:42 INFO  com.app.main.BankMain  - Enter your Choice 1-3
[main] 2021-07-18 09:35:35 INFO  com.app.main.BankMain  - Welcome to Bank App V1.0
[main] 2021-07-18 09:35:35 INFO  com.app.main.BankMain  - ==========================
[main] 2021-07-18 09:35:35 INFO  com.app.main.BankMain  - 
Bank Menu
[main] 2021-07-18 09:35:35 INFO  com.app.main.BankMain  - 1.Login
[main] 2021-07-18 09:35:35 INFO  com.app.main.BankMain  - 2.Register as Customer
[main] 2021-07-18 09:35:35 INFO  com.app.main.BankMain  - 3.Exit
[main] 2021-07-18 09:35:35 INFO  com.app.main.BankMain  - Enter your Choice 1-3
[main] 2021-07-18 09:35:43 INFO  com.app.main.BankMain  - 
1.Login as Employee
[main] 2021-07-18 09:35:43 INFO  com.app.main.BankMain  - 
2.Login as Customer
[main] 2021-07-18 09:35:43 INFO  com.app.main.BankMain  - 
Enter your Choice 1-2
[main] 2021-07-18 09:35:48 INFO  com.app.main.BankMain  - 
Welcome to Customer Login
[main] 2021-07-18 09:35:48 INFO  com.app.main.BankMain  - 
Enter Username
[main] 2021-07-18 09:36:00 INFO  com.app.main.BankMain  - 
Enter Password
[main] 2021-07-18 09:36:05 INFO  com.app.main.BankMain  - Customer Login Successful
[main] 2021-07-18 09:36:05 INFO  com.app.main.BankMain  - 
Welocme Afzaalto the Menu
[main] 2021-07-18 09:36:05 INFO  com.app.main.BankMain  - 
1.Open Bank Account
[main] 2021-07-18 09:36:05 INFO  com.app.main.BankMain  - 
2.Deposit Amount
[main] 2021-07-18 09:36:05 INFO  com.app.main.BankMain  - 
3.Withdraw Amount
[main] 2021-07-18 09:36:05 INFO  com.app.main.BankMain  - 
4.View Statement
[main] 2021-07-18 09:36:05 INFO  com.app.main.BankMain  - 
5.Logout
[main] 2021-07-18 09:36:05 INFO  com.app.main.BankMain  - 
Enter your choice between 1-5
[main] 2021-07-18 09:36:11 INFO  com.app.main.BankMain  - 
Enter your Username
[main] 2021-07-18 09:36:19 INFO  com.app.main.BankMain  - 
Enter your First Name
[main] 2021-07-18 09:37:36 INFO  com.app.main.BankMain  - Welcome to Bank App V1.0
[main] 2021-07-18 09:37:36 INFO  com.app.main.BankMain  - ==========================
[main] 2021-07-18 09:37:36 INFO  com.app.main.BankMain  - 
Bank Menu
[main] 2021-07-18 09:37:36 INFO  com.app.main.BankMain  - 1.Login
[main] 2021-07-18 09:37:36 INFO  com.app.main.BankMain  - 2.Register as Customer
[main] 2021-07-18 09:37:36 INFO  com.app.main.BankMain  - 3.Exit
[main] 2021-07-18 09:37:36 INFO  com.app.main.BankMain  - Enter your Choice 1-3
[main] 2021-07-18 09:37:40 INFO  com.app.main.BankMain  - Welcome to Customer Registration Page
[main] 2021-07-18 09:37:40 INFO  com.app.main.BankMain  - 
Enter your Name
[main] 2021-07-18 09:37:52 INFO  com.app.main.BankMain  - 
Enter your Email
[main] 2021-07-18 09:38:02 INFO  com.app.main.BankMain  - 
Enter your Username
[main] 2021-07-18 09:38:07 INFO  com.app.main.BankMain  - 
Enter your Password
[main] 2021-07-18 09:38:12 INFO  com.app.main.BankMain  - 
Enter your Mobileno
[main] 2021-07-18 09:38:21 INFO  com.app.main.BankMain  - User egistered Successfully
[main] 2021-07-18 09:38:21 INFO  com.app.main.BankMain  - Welcome to Bank App V1.0
[main] 2021-07-18 09:38:21 INFO  com.app.main.BankMain  - ==========================
[main] 2021-07-18 09:38:21 INFO  com.app.main.BankMain  - 
Bank Menu
[main] 2021-07-18 09:38:21 INFO  com.app.main.BankMain  - 1.Login
[main] 2021-07-18 09:38:21 INFO  com.app.main.BankMain  - 2.Register as Customer
[main] 2021-07-18 09:38:21 INFO  com.app.main.BankMain  - 3.Exit
[main] 2021-07-18 09:38:21 INFO  com.app.main.BankMain  - Enter your Choice 1-3
[main] 2021-07-18 09:38:21 INFO  com.app.main.BankMain  - Welcome to Customer Registration Page
[main] 2021-07-18 09:38:21 INFO  com.app.main.BankMain  - 
Enter your Name
[main] 2021-07-18 09:39:07 INFO  com.app.main.BankMain  - Welcome to Bank App V1.0
[main] 2021-07-18 09:39:07 INFO  com.app.main.BankMain  - ==========================
[main] 2021-07-18 09:39:07 INFO  com.app.main.BankMain  - 
Bank Menu
[main] 2021-07-18 09:39:07 INFO  com.app.main.BankMain  - 1.Login
[main] 2021-07-18 09:39:07 INFO  com.app.main.BankMain  - 2.Register as Customer
[main] 2021-07-18 09:39:07 INFO  com.app.main.BankMain  - 3.Exit
[main] 2021-07-18 09:39:07 INFO  com.app.main.BankMain  - Enter your Choice 1-3
[main] 2021-07-18 09:39:10 INFO  com.app.main.BankMain  - 
1.Login as Employee
[main] 2021-07-18 09:39:10 INFO  com.app.main.BankMain  - 
2.Login as Customer
[main] 2021-07-18 09:39:10 INFO  com.app.main.BankMain  - 
Enter your Choice 1-2
[main] 2021-07-18 09:39:19 INFO  com.app.main.BankMain  - 
Welcome to Customer Login
[main] 2021-07-18 09:39:19 INFO  com.app.main.BankMain  - 
Enter Username
[main] 2021-07-18 09:39:27 INFO  com.app.main.BankMain  - 
Enter Password
[main] 2021-07-18 09:39:34 INFO  com.app.main.BankMain  - Customer Login Successful
[main] 2021-07-18 09:39:34 INFO  com.app.main.BankMain  - 
Welocme Ankushto the Menu
[main] 2021-07-18 09:39:34 INFO  com.app.main.BankMain  - 
1.Open Bank Account
[main] 2021-07-18 09:39:34 INFO  com.app.main.BankMain  - 
2.Deposit Amount
[main] 2021-07-18 09:39:34 INFO  com.app.main.BankMain  - 
3.Withdraw Amount
[main] 2021-07-18 09:39:34 INFO  com.app.main.BankMain  - 
4.View Statement
[main] 2021-07-18 09:39:34 INFO  com.app.main.BankMain  - 
5.Logout
[main] 2021-07-18 09:39:34 INFO  com.app.main.BankMain  - 
Enter your choice between 1-5
[main] 2021-07-18 09:39:47 INFO  com.app.main.BankMain  - 
Enter your Username
[main] 2021-07-18 09:39:54 INFO  com.app.main.BankMain  - 
Enter your First Name
[main] 2021-07-18 09:40:00 INFO  com.app.main.BankMain  - 
Enter Last Name
[main] 2021-07-18 09:40:06 INFO  com.app.main.BankMain  - 
Enter your DOB
[main] 2021-07-18 09:40:25 INFO  com.app.main.BankMain  - 
Enter your Adhar
[main] 2021-07-18 09:40:32 INFO  com.app.main.BankMain  - 
Enter your PAN
[main] 2021-07-18 09:40:37 INFO  com.app.main.BankMain  - 
Enter your City
[main] 2021-07-18 09:40:46 INFO  com.app.main.BankMain  - 
Enter your State
[main] 2021-07-18 09:40:54 INFO  com.app.main.BankMain  - 
Enter your account Opening Balance
[main] 2021-07-18 09:41:00 INFO  com.app.main.BankMain  - 
Bank Account created Successfully
[main] 2021-07-18 09:41:00 INFO  com.app.main.BankMain  - 
Welocme Ankushto the Menu
[main] 2021-07-18 09:41:00 INFO  com.app.main.BankMain  - 
1.Open Bank Account
[main] 2021-07-18 09:41:00 INFO  com.app.main.BankMain  - 
2.Deposit Amount
[main] 2021-07-18 09:41:00 INFO  com.app.main.BankMain  - 
3.Withdraw Amount
[main] 2021-07-18 09:41:00 INFO  com.app.main.BankMain  - 
4.View Statement
[main] 2021-07-18 09:41:00 INFO  com.app.main.BankMain  - 
5.Logout
[main] 2021-07-18 09:41:00 INFO  com.app.main.BankMain  - 
Enter your choice between 1-5
[main] 2021-07-18 11:52:56 INFO  com.app.main.BankMain  - Welcome to Bank App V1.0
[main] 2021-07-18 11:52:56 INFO  com.app.main.BankMain  - ==========================
[main] 2021-07-18 11:52:56 INFO  com.app.main.BankMain  - 
Bank Menu
[main] 2021-07-18 11:52:56 INFO  com.app.main.BankMain  - 1.Login
[main] 2021-07-18 11:52:56 INFO  com.app.main.BankMain  - 2.Register as Customer
[main] 2021-07-18 11:52:56 INFO  com.app.main.BankMain  - 3.Exit
[main] 2021-07-18 11:52:56 INFO  com.app.main.BankMain  - Enter your Choice 1-3
[main] 2021-07-18 11:53:04 INFO  com.app.main.BankMain  - 
1.Login as Employee
[main] 2021-07-18 11:53:04 INFO  com.app.main.BankMain  - 
2.Login as Customer
[main] 2021-07-18 11:53:04 INFO  com.app.main.BankMain  - 
Enter your Choice 1-2
[main] 2021-07-18 11:53:11 INFO  com.app.main.BankMain  - 
Welcome to Customer Login
[main] 2021-07-18 11:53:11 INFO  com.app.main.BankMain  - 
Enter Username
[main] 2021-07-18 11:53:46 INFO  com.app.main.BankMain  - 
Enter Password
[main] 2021-07-18 11:55:10 INFO  com.app.main.BankMain  - Welcome to Bank App V1.0
[main] 2021-07-18 11:55:10 INFO  com.app.main.BankMain  - ==========================
[main] 2021-07-18 11:55:10 INFO  com.app.main.BankMain  - 
Bank Menu
[main] 2021-07-18 11:55:10 INFO  com.app.main.BankMain  - 1.Login
[main] 2021-07-18 11:55:10 INFO  com.app.main.BankMain  - 2.Register as Customer
[main] 2021-07-18 11:55:10 INFO  com.app.main.BankMain  - 3.Exit
[main] 2021-07-18 11:55:10 INFO  com.app.main.BankMain  - Enter your Choice 1-3
[main] 2021-07-18 11:55:14 INFO  com.app.main.BankMain  - 
1.Login as Employee
[main] 2021-07-18 11:55:14 INFO  com.app.main.BankMain  - 
2.Login as Customer
[main] 2021-07-18 11:55:14 INFO  com.app.main.BankMain  - 
Enter your Choice 1-2
[main] 2021-07-18 11:55:20 INFO  com.app.main.BankMain  - 
Welcome to Customer Login
[main] 2021-07-18 11:55:20 INFO  com.app.main.BankMain  - 
Enter Username
[main] 2021-07-18 11:55:43 INFO  com.app.main.BankMain  - 
Enter Password
[main] 2021-07-18 11:55:48 INFO  com.app.main.BankMain  - Customer Login Successful
[main] 2021-07-18 11:55:48 INFO  com.app.main.BankMain  - 
Welocme Ankush to the Menu
[main] 2021-07-18 11:55:48 INFO  com.app.main.BankMain  - 
1.Open Bank Account
[main] 2021-07-18 11:55:48 INFO  com.app.main.BankMain  - 
2.Deposit Amount
[main] 2021-07-18 11:55:48 INFO  com.app.main.BankMain  - 
3.Withdraw Amount
[main] 2021-07-18 11:55:48 INFO  com.app.main.BankMain  - 
4.View Statement
[main] 2021-07-18 11:55:48 INFO  com.app.main.BankMain  - 
5.Logout
[main] 2021-07-18 11:55:48 INFO  com.app.main.BankMain  - 
Enter your choice between 1-5
[main] 2021-07-18 11:55:54 INFO  com.app.main.BankMain  - 
Enter Username
[main] 2021-07-18 11:56:02 INFO  com.app.main.BankMain  - 
Enter amount to deposit
[main] 2021-07-18 12:02:26 INFO  com.app.main.BankMain  - Welcome to Bank App V1.0
[main] 2021-07-18 12:02:26 INFO  com.app.main.BankMain  - ==========================
[main] 2021-07-18 12:02:26 INFO  com.app.main.BankMain  - 
Bank Menu
[main] 2021-07-18 12:02:26 INFO  com.app.main.BankMain  - 1.Login
[main] 2021-07-18 12:02:26 INFO  com.app.main.BankMain  - 2.Register as Customer
[main] 2021-07-18 12:02:26 INFO  com.app.main.BankMain  - 3.Exit
[main] 2021-07-18 12:02:26 INFO  com.app.main.BankMain  - Enter your Choice 1-3
[main] 2021-07-18 12:02:31 INFO  com.app.main.BankMain  - 
1.Login as Employee
[main] 2021-07-18 12:02:31 INFO  com.app.main.BankMain  - 
2.Login as Customer
[main] 2021-07-18 12:02:31 INFO  com.app.main.BankMain  - 
Enter your Choice 1-2
[main] 2021-07-18 12:02:35 INFO  com.app.main.BankMain  - 
Welcome to Customer Login
[main] 2021-07-18 12:02:35 INFO  com.app.main.BankMain  - 
Enter Username
[main] 2021-07-18 12:02:43 INFO  com.app.main.BankMain  - 
Enter Password
[main] 2021-07-18 12:02:48 INFO  com.app.main.BankMain  - Customer Login Successful
[main] 2021-07-18 12:02:48 INFO  com.app.main.BankMain  - 
Welocme Ankush to the Menu
[main] 2021-07-18 12:02:48 INFO  com.app.main.BankMain  - 
1.Open Bank Account
[main] 2021-07-18 12:02:48 INFO  com.app.main.BankMain  - 
2.Deposit Amount
[main] 2021-07-18 12:02:48 INFO  com.app.main.BankMain  - 
3.Withdraw Amount
[main] 2021-07-18 12:02:48 INFO  com.app.main.BankMain  - 
4.View Statement
[main] 2021-07-18 12:02:48 INFO  com.app.main.BankMain  - 
5.Logout
[main] 2021-07-18 12:02:48 INFO  com.app.main.BankMain  - 
Enter your choice between 1-5
[main] 2021-07-18 12:02:57 INFO  com.app.main.BankMain  - 
Enter Username
[main] 2021-07-18 12:03:05 INFO  com.app.main.BankMain  - 
Enter amount to deposit
[main] 2021-07-18 12:05:58 INFO  com.app.main.BankMain  - Welcome to Bank App V1.0
[main] 2021-07-18 12:05:58 INFO  com.app.main.BankMain  - ==========================
[main] 2021-07-18 12:05:58 INFO  com.app.main.BankMain  - 
Bank Menu
[main] 2021-07-18 12:05:58 INFO  com.app.main.BankMain  - 1.Login
[main] 2021-07-18 12:05:58 INFO  com.app.main.BankMain  - 2.Register as Customer
[main] 2021-07-18 12:05:58 INFO  com.app.main.BankMain  - 3.Exit
[main] 2021-07-18 12:05:58 INFO  com.app.main.BankMain  - Enter your Choice 1-3
[main] 2021-07-18 12:06:01 INFO  com.app.main.BankMain  - 
1.Login as Employee
[main] 2021-07-18 12:06:01 INFO  com.app.main.BankMain  - 
2.Login as Customer
[main] 2021-07-18 12:06:01 INFO  com.app.main.BankMain  - 
Enter your Choice 1-2
[main] 2021-07-18 12:06:03 INFO  com.app.main.BankMain  - 
Welcome to Customer Login
[main] 2021-07-18 12:06:03 INFO  com.app.main.BankMain  - 
Enter Username
[main] 2021-07-18 12:06:10 INFO  com.app.main.BankMain  - 
Enter Password
[main] 2021-07-18 12:06:17 INFO  com.app.main.BankMain  - Customer Login Successful
[main] 2021-07-18 12:06:17 INFO  com.app.main.BankMain  - 
Welocme Ankush to the Menu
[main] 2021-07-18 12:06:17 INFO  com.app.main.BankMain  - 
1.Open Bank Account
[main] 2021-07-18 12:06:17 INFO  com.app.main.BankMain  - 
2.Deposit Amount
[main] 2021-07-18 12:06:17 INFO  com.app.main.BankMain  - 
3.Withdraw Amount
[main] 2021-07-18 12:06:17 INFO  com.app.main.BankMain  - 
4.View Statement
[main] 2021-07-18 12:06:17 INFO  com.app.main.BankMain  - 
5.Logout
[main] 2021-07-18 12:06:17 INFO  com.app.main.BankMain  - 
Enter your choice between 1-5
[main] 2021-07-18 12:06:21 INFO  com.app.main.BankMain  - 
Enter Username
[main] 2021-07-18 12:06:27 INFO  com.app.main.BankMain  - 
Enter amount to deposit
[main] 2021-07-18 12:13:31 INFO  com.app.main.BankMain  - Welcome to Bank App V1.0
[main] 2021-07-18 12:13:31 INFO  com.app.main.BankMain  - ==========================
[main] 2021-07-18 12:13:31 INFO  com.app.main.BankMain  - 
Bank Menu
[main] 2021-07-18 12:13:31 INFO  com.app.main.BankMain  - 1.Login
[main] 2021-07-18 12:13:31 INFO  com.app.main.BankMain  - 2.Register as Customer
[main] 2021-07-18 12:13:31 INFO  com.app.main.BankMain  - 3.Exit
[main] 2021-07-18 12:13:31 INFO  com.app.main.BankMain  - Enter your Choice 1-3
[main] 2021-07-18 12:13:34 INFO  com.app.main.BankMain  - 
1.Login as Employee
[main] 2021-07-18 12:13:34 INFO  com.app.main.BankMain  - 
2.Login as Customer
[main] 2021-07-18 12:13:34 INFO  com.app.main.BankMain  - 
Enter your Choice 1-2
[main] 2021-07-18 12:13:37 INFO  com.app.main.BankMain  - 
Welcome to Customer Login
[main] 2021-07-18 12:13:37 INFO  com.app.main.BankMain  - 
Enter Username
[main] 2021-07-18 12:13:42 INFO  com.app.main.BankMain  - 
Enter Password
[main] 2021-07-18 12:13:52 INFO  com.app.main.BankMain  - Invalid Details
[main] 2021-07-18 12:13:52 INFO  com.app.main.BankMain  - Welcome to Bank App V1.0
[main] 2021-07-18 12:13:52 INFO  com.app.main.BankMain  - ==========================
[main] 2021-07-18 12:13:52 INFO  com.app.main.BankMain  - 
Bank Menu
[main] 2021-07-18 12:13:52 INFO  com.app.main.BankMain  - 1.Login
[main] 2021-07-18 12:13:52 INFO  com.app.main.BankMain  - 2.Register as Customer
[main] 2021-07-18 12:13:52 INFO  com.app.main.BankMain  - 3.Exit
[main] 2021-07-18 12:13:52 INFO  com.app.main.BankMain  - Enter your Choice 1-3
[main] 2021-07-18 12:13:56 INFO  com.app.main.BankMain  - 
1.Login as Employee
[main] 2021-07-18 12:13:56 INFO  com.app.main.BankMain  - 
2.Login as Customer
[main] 2021-07-18 12:13:56 INFO  com.app.main.BankMain  - 
Enter your Choice 1-2
[main] 2021-07-18 12:14:00 INFO  com.app.main.BankMain  - 
Welcome to Customer Login
[main] 2021-07-18 12:14:00 INFO  com.app.main.BankMain  - 
Enter Username
[main] 2021-07-18 12:14:06 INFO  com.app.main.BankMain  - 
Enter Password
[main] 2021-07-18 12:14:11 INFO  com.app.main.BankMain  - Customer Login Successful
[main] 2021-07-18 12:14:11 INFO  com.app.main.BankMain  - 
Welocme Ankush to the Menu
[main] 2021-07-18 12:14:11 INFO  com.app.main.BankMain  - 
1.Open Bank Account
[main] 2021-07-18 12:14:11 INFO  com.app.main.BankMain  - 
2.Deposit Amount
[main] 2021-07-18 12:14:11 INFO  com.app.main.BankMain  - 
3.Withdraw Amount
[main] 2021-07-18 12:14:11 INFO  com.app.main.BankMain  - 
4.View Statement
[main] 2021-07-18 12:14:11 INFO  com.app.main.BankMain  - 
5.Logout
[main] 2021-07-18 12:14:11 INFO  com.app.main.BankMain  - 
Enter your choice between 1-5
[main] 2021-07-18 12:14:16 INFO  com.app.main.BankMain  - 
Enter Username
[main] 2021-07-18 12:14:26 INFO  com.app.main.BankMain  - 
Enter amount to deposit
[main] 2021-07-18 12:15:23 INFO  com.app.main.BankMain  - Welcome to Bank App V1.0
[main] 2021-07-18 12:15:23 INFO  com.app.main.BankMain  - ==========================
[main] 2021-07-18 12:15:23 INFO  com.app.main.BankMain  - 
Bank Menu
[main] 2021-07-18 12:15:23 INFO  com.app.main.BankMain  - 1.Login
[main] 2021-07-18 12:15:23 INFO  com.app.main.BankMain  - 2.Register as Customer
[main] 2021-07-18 12:15:23 INFO  com.app.main.BankMain  - 3.Exit
[main] 2021-07-18 12:15:23 INFO  com.app.main.BankMain  - Enter your Choice 1-3
[main] 2021-07-18 12:15:27 INFO  com.app.main.BankMain  - 
1.Login as Employee
[main] 2021-07-18 12:15:27 INFO  com.app.main.BankMain  - 
2.Login as Customer
[main] 2021-07-18 12:15:27 INFO  com.app.main.BankMain  - 
Enter your Choice 1-2
[main] 2021-07-18 12:15:30 INFO  com.app.main.BankMain  - 
Welcome to Customer Login
[main] 2021-07-18 12:15:30 INFO  com.app.main.BankMain  - 
Enter Username
[main] 2021-07-18 12:15:37 INFO  com.app.main.BankMain  - 
Enter Password
[main] 2021-07-18 12:15:41 INFO  com.app.main.BankMain  - Customer Login Successful
[main] 2021-07-18 12:15:41 INFO  com.app.main.BankMain  - 
Welocme Ankush to the Menu
[main] 2021-07-18 12:15:41 INFO  com.app.main.BankMain  - 
1.Open Bank Account
[main] 2021-07-18 12:15:41 INFO  com.app.main.BankMain  - 
2.Deposit Amount
[main] 2021-07-18 12:15:41 INFO  com.app.main.BankMain  - 
3.Withdraw Amount
[main] 2021-07-18 12:15:41 INFO  com.app.main.BankMain  - 
4.View Statement
[main] 2021-07-18 12:15:41 INFO  com.app.main.BankMain  - 
5.Logout
[main] 2021-07-18 12:15:41 INFO  com.app.main.BankMain  - 
Enter your choice between 1-5
[main] 2021-07-18 12:15:46 INFO  com.app.main.BankMain  - 
Enter Username
[main] 2021-07-18 12:15:52 INFO  com.app.main.BankMain  - 
Enter amount to deposit
[main] 2021-07-18 14:33:16 INFO  com.app.main.BankMain  - Welcome to Bank App V1.0
[main] 2021-07-18 14:33:16 INFO  com.app.main.BankMain  - ==========================
[main] 2021-07-18 14:33:16 INFO  com.app.main.BankMain  - 
Bank Menu
[main] 2021-07-18 14:33:16 INFO  com.app.main.BankMain  - 1.Login
[main] 2021-07-18 14:33:16 INFO  com.app.main.BankMain  - 2.Register as Customer
[main] 2021-07-18 14:33:16 INFO  com.app.main.BankMain  - 3.Exit
[main] 2021-07-18 14:33:16 INFO  com.app.main.BankMain  - Enter your Choice 1-3
[main] 2021-07-18 14:33:20 INFO  com.app.main.BankMain  - 
1.Login as Employee
[main] 2021-07-18 14:33:20 INFO  com.app.main.BankMain  - 
2.Login as Customer
[main] 2021-07-18 14:33:20 INFO  com.app.main.BankMain  - 
Enter your Choice 1-2
[main] 2021-07-18 14:33:23 INFO  com.app.main.BankMain  - 
Welcome to Customer Login
[main] 2021-07-18 14:33:23 INFO  com.app.main.BankMain  - 
Enter Username
[main] 2021-07-18 14:33:31 INFO  com.app.main.BankMain  - 
Enter Password
[main] 2021-07-18 14:33:37 INFO  com.app.main.BankMain  - Customer Login Successful
[main] 2021-07-18 14:33:37 INFO  com.app.main.BankMain  - 
Welocme Ankush to the Menu
[main] 2021-07-18 14:33:37 INFO  com.app.main.BankMain  - 
1.Open Bank Account
[main] 2021-07-18 14:33:37 INFO  com.app.main.BankMain  - 
2.Deposit Amount
[main] 2021-07-18 14:33:37 INFO  com.app.main.BankMain  - 
3.Withdraw Amount
[main] 2021-07-18 14:33:37 INFO  com.app.main.BankMain  - 
4.View Statement
[main] 2021-07-18 14:33:37 INFO  com.app.main.BankMain  - 
5.Logout
[main] 2021-07-18 14:33:37 INFO  com.app.main.BankMain  - 
Enter your choice between 1-5
[main] 2021-07-18 14:33:40 INFO  com.app.main.BankMain  - 
Enter Username
[main] 2021-07-18 14:33:45 INFO  com.app.main.BankMain  - 
Enter amount to deposit
[main] 2021-07-18 14:34:30 INFO  com.app.main.BankMain  - Welcome to Bank App V1.0
[main] 2021-07-18 14:34:30 INFO  com.app.main.BankMain  - ==========================
[main] 2021-07-18 14:34:30 INFO  com.app.main.BankMain  - 
Bank Menu
[main] 2021-07-18 14:34:30 INFO  com.app.main.BankMain  - 1.Login
[main] 2021-07-18 14:34:30 INFO  com.app.main.BankMain  - 2.Register as Customer
[main] 2021-07-18 14:34:30 INFO  com.app.main.BankMain  - 3.Exit
[main] 2021-07-18 14:34:30 INFO  com.app.main.BankMain  - Enter your Choice 1-3
[main] 2021-07-18 14:34:33 INFO  com.app.main.BankMain  - 
1.Login as Employee
[main] 2021-07-18 14:34:33 INFO  com.app.main.BankMain  - 
2.Login as Customer
[main] 2021-07-18 14:34:33 INFO  com.app.main.BankMain  - 
Enter your Choice 1-2
[main] 2021-07-18 14:34:35 INFO  com.app.main.BankMain  - 
Welcome to Customer Login
[main] 2021-07-18 14:34:35 INFO  com.app.main.BankMain  - 
Enter Username
[main] 2021-07-18 14:34:40 INFO  com.app.main.BankMain  - 
Enter Password
[main] 2021-07-18 14:34:44 INFO  com.app.main.BankMain  - Customer Login Successful
[main] 2021-07-18 14:34:44 INFO  com.app.main.BankMain  - 
Welocme Ankush to the Menu
[main] 2021-07-18 14:34:44 INFO  com.app.main.BankMain  - 
1.Open Bank Account
[main] 2021-07-18 14:34:44 INFO  com.app.main.BankMain  - 
2.Deposit Amount
[main] 2021-07-18 14:34:44 INFO  com.app.main.BankMain  - 
3.Withdraw Amount
[main] 2021-07-18 14:34:44 INFO  com.app.main.BankMain  - 
4.View Statement
[main] 2021-07-18 14:34:44 INFO  com.app.main.BankMain  - 
5.Logout
[main] 2021-07-18 14:34:44 INFO  com.app.main.BankMain  - 
Enter your choice between 1-5
[main] 2021-07-18 14:34:48 INFO  com.app.main.BankMain  - 
Enter Username
[main] 2021-07-18 14:34:53 INFO  com.app.main.BankMain  - 
Enter amount to deposit
[main] 2021-07-18 14:37:20 INFO  com.app.main.BankMain  - Welcome to Bank App V1.0
[main] 2021-07-18 14:37:20 INFO  com.app.main.BankMain  - ==========================
[main] 2021-07-18 14:37:20 INFO  com.app.main.BankMain  - 
Bank Menu
[main] 2021-07-18 14:37:20 INFO  com.app.main.BankMain  - 1.Login
[main] 2021-07-18 14:37:20 INFO  com.app.main.BankMain  - 2.Register as Customer
[main] 2021-07-18 14:37:20 INFO  com.app.main.BankMain  - 3.Exit
[main] 2021-07-18 14:37:20 INFO  com.app.main.BankMain  - Enter your Choice 1-3
[main] 2021-07-18 14:37:24 INFO  com.app.main.BankMain  - 
1.Login as Employee
[main] 2021-07-18 14:37:24 INFO  com.app.main.BankMain  - 
2.Login as Customer
[main] 2021-07-18 14:37:24 INFO  com.app.main.BankMain  - 
Enter your Choice 1-2
[main] 2021-07-18 14:37:25 INFO  com.app.main.BankMain  - 
Welcome to Customer Login
[main] 2021-07-18 14:37:25 INFO  com.app.main.BankMain  - 
Enter Username
[main] 2021-07-18 14:37:29 INFO  com.app.main.BankMain  - 
Enter Password
[main] 2021-07-18 14:37:34 INFO  com.app.main.BankMain  - Customer Login Successful
[main] 2021-07-18 14:37:34 INFO  com.app.main.BankMain  - 
Welocme Ankush to the Menu
[main] 2021-07-18 14:37:34 INFO  com.app.main.BankMain  - 
1.Open Bank Account
[main] 2021-07-18 14:37:34 INFO  com.app.main.BankMain  - 
2.Deposit Amount
[main] 2021-07-18 14:37:34 INFO  com.app.main.BankMain  - 
3.Withdraw Amount
[main] 2021-07-18 14:37:34 INFO  com.app.main.BankMain  - 
4.View Statement
[main] 2021-07-18 14:37:34 INFO  com.app.main.BankMain  - 
5.Logout
[main] 2021-07-18 14:37:34 INFO  com.app.main.BankMain  - 
Enter your choice between 1-5
[main] 2021-07-18 14:37:36 INFO  com.app.main.BankMain  - 
Enter Username
[main] 2021-07-18 14:37:43 INFO  com.app.main.BankMain  - 
Enter amount to deposit
[main] 2021-07-18 14:39:58 INFO  com.app.main.BankMain  - Welcome to Bank App V1.0
[main] 2021-07-18 14:39:58 INFO  com.app.main.BankMain  - ==========================
[main] 2021-07-18 14:39:58 INFO  com.app.main.BankMain  - 
Bank Menu
[main] 2021-07-18 14:39:58 INFO  com.app.main.BankMain  - 1.Login
[main] 2021-07-18 14:39:58 INFO  com.app.main.BankMain  - 2.Register as Customer
[main] 2021-07-18 14:39:58 INFO  com.app.main.BankMain  - 3.Exit
[main] 2021-07-18 14:39:58 INFO  com.app.main.BankMain  - Enter your Choice 1-3
[main] 2021-07-18 14:40:00 INFO  com.app.main.BankMain  - 
1.Login as Employee
[main] 2021-07-18 14:40:00 INFO  com.app.main.BankMain  - 
2.Login as Customer
[main] 2021-07-18 14:40:00 INFO  com.app.main.BankMain  - 
Enter your Choice 1-2
[main] 2021-07-18 14:40:02 INFO  com.app.main.BankMain  - 
Welcome to Customer Login
[main] 2021-07-18 14:40:02 INFO  com.app.main.BankMain  - 
Enter Username
[main] 2021-07-18 14:40:06 INFO  com.app.main.BankMain  - 
Enter Password
[main] 2021-07-18 14:40:10 INFO  com.app.main.BankMain  - Customer Login Successful
[main] 2021-07-18 14:40:10 INFO  com.app.main.BankMain  - 
Welocme Ankush to the Menu
[main] 2021-07-18 14:40:10 INFO  com.app.main.BankMain  - 
1.Open Bank Account
[main] 2021-07-18 14:40:10 INFO  com.app.main.BankMain  - 
2.Deposit Amount
[main] 2021-07-18 14:40:10 INFO  com.app.main.BankMain  - 
3.Withdraw Amount
[main] 2021-07-18 14:40:10 INFO  com.app.main.BankMain  - 
4.View Statement
[main] 2021-07-18 14:40:10 INFO  com.app.main.BankMain  - 
5.Logout
[main] 2021-07-18 14:40:10 INFO  com.app.main.BankMain  - 
Enter your choice between 1-5
[main] 2021-07-18 14:40:14 INFO  com.app.main.BankMain  - 
Enter Username
[main] 2021-07-18 14:40:19 INFO  com.app.main.BankMain  - 
Enter amount to deposit
[main] 2021-07-18 14:53:55 INFO  com.app.main.BankMain  - Welcome to Bank App V1.0
[main] 2021-07-18 14:53:55 INFO  com.app.main.BankMain  - ==========================
[main] 2021-07-18 14:53:55 INFO  com.app.main.BankMain  - 
Bank Menu
[main] 2021-07-18 14:53:55 INFO  com.app.main.BankMain  - 1.Login
[main] 2021-07-18 14:53:55 INFO  com.app.main.BankMain  - 2.Register as Customer
[main] 2021-07-18 14:53:55 INFO  com.app.main.BankMain  - 3.Exit
[main] 2021-07-18 14:53:55 INFO  com.app.main.BankMain  - Enter your Choice 1-3
[main] 2021-07-18 14:54:00 INFO  com.app.main.BankMain  - 
1.Login as Employee
[main] 2021-07-18 14:54:00 INFO  com.app.main.BankMain  - 
2.Login as Customer
[main] 2021-07-18 14:54:00 INFO  com.app.main.BankMain  - 
Enter your Choice 1-2
[main] 2021-07-18 14:54:03 INFO  com.app.main.BankMain  - 
Welcome to Customer Login
[main] 2021-07-18 14:54:03 INFO  com.app.main.BankMain  - 
Enter Username
[main] 2021-07-18 14:54:07 INFO  com.app.main.BankMain  - 
Enter Password
[main] 2021-07-18 14:54:13 INFO  com.app.main.BankMain  - Customer Login Successful
[main] 2021-07-18 14:54:13 INFO  com.app.main.BankMain  - 
Welocme Ankush to the Menu
[main] 2021-07-18 14:54:13 INFO  com.app.main.BankMain  - 
1.Open Bank Account
[main] 2021-07-18 14:54:13 INFO  com.app.main.BankMain  - 
2.Deposit Amount
[main] 2021-07-18 14:54:13 INFO  com.app.main.BankMain  - 
3.Withdraw Amount
[main] 2021-07-18 14:54:13 INFO  com.app.main.BankMain  - 
4.View Statement
[main] 2021-07-18 14:54:13 INFO  com.app.main.BankMain  - 
5.Logout
[main] 2021-07-18 14:54:13 INFO  com.app.main.BankMain  - 
Enter your choice between 1-5
[main] 2021-07-18 14:54:19 INFO  com.app.main.BankMain  - 
Your Statement
[main] 2021-07-18 14:54:19 INFO  com.app.main.BankMain  - 
Welocme Ankush to the Menu
[main] 2021-07-18 14:54:19 INFO  com.app.main.BankMain  - 
1.Open Bank Account
[main] 2021-07-18 14:54:19 INFO  com.app.main.BankMain  - 
2.Deposit Amount
[main] 2021-07-18 14:54:19 INFO  com.app.main.BankMain  - 
3.Withdraw Amount
[main] 2021-07-18 14:54:19 INFO  com.app.main.BankMain  - 
4.View Statement
[main] 2021-07-18 14:54:19 INFO  com.app.main.BankMain  - 
5.Logout
[main] 2021-07-18 14:54:19 INFO  com.app.main.BankMain  - 
Enter your choice between 1-5
[main] 2021-07-18 14:54:41 INFO  com.app.main.BankMain  - 
Logout Successfully..
[main] 2021-07-18 14:54:41 INFO  com.app.main.BankMain  - Welcome to Bank App V1.0
[main] 2021-07-18 14:54:41 INFO  com.app.main.BankMain  - ==========================
[main] 2021-07-18 14:54:41 INFO  com.app.main.BankMain  - 
Bank Menu
[main] 2021-07-18 14:54:41 INFO  com.app.main.BankMain  - 1.Login
[main] 2021-07-18 14:54:41 INFO  com.app.main.BankMain  - 2.Register as Customer
[main] 2021-07-18 14:54:41 INFO  com.app.main.BankMain  - 3.Exit
[main] 2021-07-18 14:54:41 INFO  com.app.main.BankMain  - Enter your Choice 1-3
[main] 2021-07-18 14:55:57 INFO  com.app.main.BankMain  - Welcome to Bank App V1.0
[main] 2021-07-18 14:55:57 INFO  com.app.main.BankMain  - ==========================
[main] 2021-07-18 14:55:57 INFO  com.app.main.BankMain  - 
Bank Menu
[main] 2021-07-18 14:55:57 INFO  com.app.main.BankMain  - 1.Login
[main] 2021-07-18 14:55:57 INFO  com.app.main.BankMain  - 2.Register as Customer
[main] 2021-07-18 14:55:57 INFO  com.app.main.BankMain  - 3.Exit
[main] 2021-07-18 14:55:57 INFO  com.app.main.BankMain  - Enter your Choice 1-3
[main] 2021-07-18 14:56:02 INFO  com.app.main.BankMain  - Thanks for using my Bank App
[main] 2021-07-18 14:56:02 WARN  com.app.main.BankMain  - Invalid Choice...PLease enter the input between 1-3
[main] 2021-07-18 14:56:46 INFO  com.app.main.BankMain  - Welcome to Bank App V1.0
[main] 2021-07-18 14:56:46 INFO  com.app.main.BankMain  - ==========================
[main] 2021-07-18 14:56:46 INFO  com.app.main.BankMain  - 
Bank Menu
[main] 2021-07-18 14:56:46 INFO  com.app.main.BankMain  - 1.Login
[main] 2021-07-18 14:56:46 INFO  com.app.main.BankMain  - 2.Register as Customer
[main] 2021-07-18 14:56:46 INFO  com.app.main.BankMain  - 3.Exit
[main] 2021-07-18 14:56:46 INFO  com.app.main.BankMain  - Enter your Choice 1-3
[main] 2021-07-18 14:56:51 INFO  com.app.main.BankMain  - Thanks for using my Bank App
[main] 2021-07-18 15:39:47 INFO  com.app.main.BankMain  - Welcome to Bank App V1.0
[main] 2021-07-18 15:39:47 INFO  com.app.main.BankMain  - ==========================
[main] 2021-07-18 15:39:47 INFO  com.app.main.BankMain  - 
Bank Menu
[main] 2021-07-18 15:39:47 INFO  com.app.main.BankMain  - 1.Login
[main] 2021-07-18 15:39:47 INFO  com.app.main.BankMain  - 2.Register as Customer
[main] 2021-07-18 15:39:47 INFO  com.app.main.BankMain  - 3.Exit
[main] 2021-07-18 15:39:47 INFO  com.app.main.BankMain  - Enter your Choice 1-3
[main] 2021-07-18 15:39:51 INFO  com.app.main.BankMain  - 
1.Login as Employee
[main] 2021-07-18 15:39:51 INFO  com.app.main.BankMain  - 
2.Login as Customer
[main] 2021-07-18 15:39:51 INFO  com.app.main.BankMain  - 
Enter your Choice 1-2
[main] 2021-07-18 15:39:57 INFO  com.app.main.BankMain  - 
Welcome to Employee Login
[main] 2021-07-18 15:39:57 INFO  com.app.main.BankMain  - 
Enter Username
[main] 2021-07-18 15:40:36 INFO  com.app.main.BankMain  - 
Enter Password
[main] 2021-07-18 15:40:40 INFO  com.app.main.BankMain  - Employee Login Successful
[main] 2021-07-18 15:40:40 INFO  com.app.main.BankMain  - 
WelcomeAfzaal Khan
[main] 2021-07-18 15:40:40 INFO  com.app.main.BankMain  - 
1.Open Bank Account
[main] 2021-07-18 15:40:40 INFO  com.app.main.BankMain  - 
2.Account Approve
[main] 2021-07-18 15:40:40 INFO  com.app.main.BankMain  - 
3.View Customer's Details 
[main] 2021-07-18 15:40:40 INFO  com.app.main.BankMain  - 
4.View Customer's Account Details 
[main] 2021-07-18 15:40:40 INFO  com.app.main.BankMain  - 
5.View Customer's Transaction Detail 
[main] 2021-07-18 15:40:40 INFO  com.app.main.BankMain  - 
6.Logout 
[main] 2021-07-18 15:40:40 INFO  com.app.main.BankMain  - 
Enter your Choice between 1-6 
[main] 2021-07-18 15:40:48 INFO  com.app.main.BankMain  - Bank [name=null, email=null, username=null, password=null, mobileno=0, empusername=null, emppassword=null, custusername=Afzaal Khan, custfname=Afzaal, custlname=Khan, custdob=10-07-1998, custadhar=34567898765, custpan=68987654fg, custcity=Pilibhit, custstate=UP, custopeningbalance=1000.0]
[main] 2021-07-18 15:40:48 INFO  com.app.main.BankMain  - Bank [name=null, email=null, username=null, password=null, mobileno=0, empusername=null, emppassword=null, custusername=Ankush, custfname=Ankush, custlname=Aggrawal, custdob=11-08-1997, custadhar=4567098765678, custpan=67iu56789, custcity=Delhi, custstate=New Delhi, custopeningbalance=1000.0]
[main] 2021-07-18 15:40:48 INFO  com.app.main.BankMain  - 
WelcomeAfzaal Khan
[main] 2021-07-18 15:40:48 INFO  com.app.main.BankMain  - 
1.Open Bank Account
[main] 2021-07-18 15:40:48 INFO  com.app.main.BankMain  - 
2.Account Approve
[main] 2021-07-18 15:40:48 INFO  com.app.main.BankMain  - 
3.View Customer's Details 
[main] 2021-07-18 15:40:48 INFO  com.app.main.BankMain  - 
4.View Customer's Account Details 
[main] 2021-07-18 15:40:48 INFO  com.app.main.BankMain  - 
5.View Customer's Transaction Detail 
[main] 2021-07-18 15:40:48 INFO  com.app.main.BankMain  - 
6.Logout 
[main] 2021-07-18 15:40:48 INFO  com.app.main.BankMain  - 
Enter your Choice between 1-6 
[main] 2021-07-18 16:14:46 INFO  com.app.main.BankMain  - Welcome to Bank App V1.0
[main] 2021-07-18 16:14:46 INFO  com.app.main.BankMain  - ==========================
[main] 2021-07-18 16:14:46 INFO  com.app.main.BankMain  - 
Bank Menu
[main] 2021-07-18 16:14:46 INFO  com.app.main.BankMain  - 1.Login
[main] 2021-07-18 16:14:46 INFO  com.app.main.BankMain  - 2.Register as Customer
[main] 2021-07-18 16:14:46 INFO  com.app.main.BankMain  - 3.Exit
[main] 2021-07-18 16:14:46 INFO  com.app.main.BankMain  - Enter your Choice 1-3
[main] 2021-07-18 16:15:19 INFO  com.app.main.BankMain  - 
1.Login as Employee
[main] 2021-07-18 16:15:19 INFO  com.app.main.BankMain  - 
2.Login as Customer
[main] 2021-07-18 16:15:19 INFO  com.app.main.BankMain  - 
Enter your Choice 1-2
[main] 2021-07-18 16:15:24 INFO  com.app.main.BankMain  - 
Welcome to Employee Login
[main] 2021-07-18 16:15:24 INFO  com.app.main.BankMain  - 
Enter Username
[main] 2021-07-18 16:15:33 INFO  com.app.main.BankMain  - 
Enter Password
[main] 2021-07-18 16:15:51 INFO  com.app.main.BankMain  - Invalid Login Details...Please enter the correct Details
[main] 2021-07-18 16:16:36 INFO  com.app.main.BankMain  - Welcome to Bank App V1.0
[main] 2021-07-18 16:16:36 INFO  com.app.main.BankMain  - ==========================
[main] 2021-07-18 16:16:36 INFO  com.app.main.BankMain  - 
Bank Menu
[main] 2021-07-18 16:16:36 INFO  com.app.main.BankMain  - 1.Login
[main] 2021-07-18 16:16:36 INFO  com.app.main.BankMain  - 2.Register as Customer
[main] 2021-07-18 16:16:36 INFO  com.app.main.BankMain  - 3.Exit
[main] 2021-07-18 16:16:36 INFO  com.app.main.BankMain  - Enter your Choice 1-3
[main] 2021-07-18 16:16:39 INFO  com.app.main.BankMain  - 
1.Login as Employee
[main] 2021-07-18 16:16:39 INFO  com.app.main.BankMain  - 
2.Login as Customer
[main] 2021-07-18 16:16:39 INFO  com.app.main.BankMain  - 
Enter your Choice 1-2
[main] 2021-07-18 16:16:41 INFO  com.app.main.BankMain  - 
Welcome to Employee Login
[main] 2021-07-18 16:16:41 INFO  com.app.main.BankMain  - 
Enter Username
[main] 2021-07-18 16:16:47 INFO  com.app.main.BankMain  - 
Enter Password
[main] 2021-07-18 16:16:51 INFO  com.app.main.BankMain  - Employee Login Successful
[main] 2021-07-18 16:16:51 INFO  com.app.main.BankMain  - 
WelcomeAfzaal Khan
[main] 2021-07-18 16:16:51 INFO  com.app.main.BankMain  - 
1.Open Bank Account
[main] 2021-07-18 16:16:51 INFO  com.app.main.BankMain  - 
2.Account Approve
[main] 2021-07-18 16:16:51 INFO  com.app.main.BankMain  - 
3.View Customer's Details 
[main] 2021-07-18 16:16:51 INFO  com.app.main.BankMain  - 
4.View Customer's Account Details 
[main] 2021-07-18 16:16:51 INFO  com.app.main.BankMain  - 
5.View Customer's Transaction Detail 
[main] 2021-07-18 16:16:51 INFO  com.app.main.BankMain  - 
6.Logout 
[main] 2021-07-18 16:16:51 INFO  com.app.main.BankMain  - 
Enter your Choice between 1-6 
[main] 2021-07-18 16:16:58 WARN  com.app.main.BankMain  - ERROR: missing FROM-clause entry for table "custusername"
  Position: 8
[main] 2021-07-18 16:16:58 ERROR com.app.main.BankMain  - 
[main] 2021-07-18 16:16:58 INFO  com.app.main.BankMain  - 
WelcomeAfzaal Khan
[main] 2021-07-18 16:16:58 INFO  com.app.main.BankMain  - 
1.Open Bank Account
[main] 2021-07-18 16:16:58 INFO  com.app.main.BankMain  - 
2.Account Approve
[main] 2021-07-18 16:16:58 INFO  com.app.main.BankMain  - 
3.View Customer's Details 
[main] 2021-07-18 16:16:58 INFO  com.app.main.BankMain  - 
4.View Customer's Account Details 
[main] 2021-07-18 16:16:58 INFO  com.app.main.BankMain  - 
5.View Customer's Transaction Detail 
[main] 2021-07-18 16:16:58 INFO  com.app.main.BankMain  - 
6.Logout 
[main] 2021-07-18 16:16:58 INFO  com.app.main.BankMain  - 
Enter your Choice between 1-6 
[main] 2021-07-18 16:18:52 INFO  com.app.main.BankMain  - Welcome to Bank App V1.0
[main] 2021-07-18 16:18:52 INFO  com.app.main.BankMain  - ==========================
[main] 2021-07-18 16:18:52 INFO  com.app.main.BankMain  - 
Bank Menu
[main] 2021-07-18 16:18:52 INFO  com.app.main.BankMain  - 1.Login
[main] 2021-07-18 16:18:52 INFO  com.app.main.BankMain  - 2.Register as Customer
[main] 2021-07-18 16:18:52 INFO  com.app.main.BankMain  - 3.Exit
[main] 2021-07-18 16:18:52 INFO  com.app.main.BankMain  - Enter your Choice 1-3
[main] 2021-07-18 16:18:54 INFO  com.app.main.BankMain  - 
1.Login as Employee
[main] 2021-07-18 16:18:54 INFO  com.app.main.BankMain  - 
2.Login as Customer
[main] 2021-07-18 16:18:54 INFO  com.app.main.BankMain  - 
Enter your Choice 1-2
[main] 2021-07-18 16:18:55 INFO  com.app.main.BankMain  - 
Welcome to Employee Login
[main] 2021-07-18 16:18:55 INFO  com.app.main.BankMain  - 
Enter Username
[main] 2021-07-18 16:19:04 INFO  com.app.main.BankMain  - 
Enter Password
[main] 2021-07-18 16:19:08 INFO  com.app.main.BankMain  - Employee Login Successful
[main] 2021-07-18 16:19:08 INFO  com.app.main.BankMain  - 
WelcomeAfzaal Khan
[main] 2021-07-18 16:19:08 INFO  com.app.main.BankMain  - 
1.Open Bank Account
[main] 2021-07-18 16:19:08 INFO  com.app.main.BankMain  - 
2.Account Approve
[main] 2021-07-18 16:19:08 INFO  com.app.main.BankMain  - 
3.View Customer's Details 
[main] 2021-07-18 16:19:08 INFO  com.app.main.BankMain  - 
4.View Customer's Account Details 
[main] 2021-07-18 16:19:08 INFO  com.app.main.BankMain  - 
5.View Customer's Transaction Detail 
[main] 2021-07-18 16:19:08 INFO  com.app.main.BankMain  - 
6.Logout 
[main] 2021-07-18 16:19:08 INFO  com.app.main.BankMain  - 
Enter your Choice between 1-6 
[main] 2021-07-18 16:21:51 INFO  com.app.main.BankMain  - Bank [name=null, email=null, username=null, password=null, mobileno=0, empusername=null, emppassword=null, custusername=Afzaal Khan, custfname=Afzaal, custlname=Khan, custdob=10-07-1998, custadhar=34567898765, custpan=68987654fg, custcity=Pilibhit, custstate=UP, custopeningbalance=1000.0]
[main] 2021-07-18 16:21:51 INFO  com.app.main.BankMain  - Bank [name=null, email=null, username=null, password=null, mobileno=0, empusername=null, emppassword=null, custusername=Ankush, custfname=Ankush, custlname=Aggrawal, custdob=11-08-1997, custadhar=4567098765678, custpan=67iu56789, custcity=Delhi, custstate=New Delhi, custopeningbalance=1000.0]
[main] 2021-07-18 16:21:51 WARN  com.app.main.BankMain  - ERROR: missing FROM-clause entry for table "custusername"
  Position: 8
[main] 2021-07-18 16:21:51 ERROR com.app.main.BankMain  - 
[main] 2021-07-18 16:21:51 INFO  com.app.main.BankMain  - 
WelcomeAfzaal Khan
[main] 2021-07-18 16:21:51 INFO  com.app.main.BankMain  - 
1.Open Bank Account
[main] 2021-07-18 16:21:51 INFO  com.app.main.BankMain  - 
2.Account Approve
[main] 2021-07-18 16:21:51 INFO  com.app.main.BankMain  - 
3.View Customer's Details 
[main] 2021-07-18 16:21:51 INFO  com.app.main.BankMain  - 
4.View Customer's Account Details 
[main] 2021-07-18 16:21:51 INFO  com.app.main.BankMain  - 
5.View Customer's Transaction Detail 
[main] 2021-07-18 16:21:51 INFO  com.app.main.BankMain  - 
6.Logout 
[main] 2021-07-18 16:21:51 INFO  com.app.main.BankMain  - 
Enter your Choice between 1-6 
[main] 2021-07-18 16:22:15 INFO  com.app.main.BankMain  - Welcome to Bank App V1.0
[main] 2021-07-18 16:22:15 INFO  com.app.main.BankMain  - ==========================
[main] 2021-07-18 16:22:15 INFO  com.app.main.BankMain  - 
Bank Menu
[main] 2021-07-18 16:22:15 INFO  com.app.main.BankMain  - 1.Login
[main] 2021-07-18 16:22:15 INFO  com.app.main.BankMain  - 2.Register as Customer
[main] 2021-07-18 16:22:15 INFO  com.app.main.BankMain  - 3.Exit
[main] 2021-07-18 16:22:15 INFO  com.app.main.BankMain  - Enter your Choice 1-3
[main] 2021-07-18 16:22:23 INFO  com.app.main.BankMain  - 
1.Login as Employee
[main] 2021-07-18 16:22:23 INFO  com.app.main.BankMain  - 
2.Login as Customer
[main] 2021-07-18 16:22:23 INFO  com.app.main.BankMain  - 
Enter your Choice 1-2
[main] 2021-07-18 16:22:25 INFO  com.app.main.BankMain  - 
Welcome to Employee Login
[main] 2021-07-18 16:22:25 INFO  com.app.main.BankMain  - 
Enter Username
[main] 2021-07-18 16:22:35 INFO  com.app.main.BankMain  - 
Enter Password
[main] 2021-07-18 16:22:39 INFO  com.app.main.BankMain  - Employee Login Successful
[main] 2021-07-18 16:22:39 INFO  com.app.main.BankMain  - 
WelcomeAfzaal Khan
[main] 2021-07-18 16:22:39 INFO  com.app.main.BankMain  - 
1.Open Bank Account
[main] 2021-07-18 16:22:39 INFO  com.app.main.BankMain  - 
2.Account Approve
[main] 2021-07-18 16:22:39 INFO  com.app.main.BankMain  - 
3.View Customer's Details 
[main] 2021-07-18 16:22:39 INFO  com.app.main.BankMain  - 
4.View Customer's Account Details 
[main] 2021-07-18 16:22:39 INFO  com.app.main.BankMain  - 
5.View Customer's Transaction Detail 
[main] 2021-07-18 16:22:39 INFO  com.app.main.BankMain  - 
6.Logout 
[main] 2021-07-18 16:22:39 INFO  com.app.main.BankMain  - 
Enter your Choice between 1-6 
[main] 2021-07-18 16:22:46 INFO  com.app.main.BankMain  - Bank [name=null, email=null, username=null, password=null, mobileno=0, empusername=null, emppassword=null, custusername=Afzaal Khan, custfname=Afzaal, custlname=Khan, custdob=10-07-1998, custadhar=34567898765, custpan=68987654fg, custcity=Pilibhit, custstate=UP, custopeningbalance=1000.0]
[main] 2021-07-18 16:22:46 INFO  com.app.main.BankMain  - Bank [name=null, email=null, username=null, password=null, mobileno=0, empusername=null, emppassword=null, custusername=Ankush, custfname=Ankush, custlname=Aggrawal, custdob=11-08-1997, custadhar=4567098765678, custpan=67iu56789, custcity=Delhi, custstate=New Delhi, custopeningbalance=1000.0]
[main] 2021-07-18 16:22:46 INFO  com.app.main.BankMain  - 
WelcomeAfzaal Khan
[main] 2021-07-18 16:22:46 INFO  com.app.main.BankMain  - 
1.Open Bank Account
[main] 2021-07-18 16:22:46 INFO  com.app.main.BankMain  - 
2.Account Approve
[main] 2021-07-18 16:22:46 INFO  com.app.main.BankMain  - 
3.View Customer's Details 
[main] 2021-07-18 16:22:46 INFO  com.app.main.BankMain  - 
4.View Customer's Account Details 
[main] 2021-07-18 16:22:46 INFO  com.app.main.BankMain  - 
5.View Customer's Transaction Detail 
[main] 2021-07-18 16:22:46 INFO  com.app.main.BankMain  - 
6.Logout 
[main] 2021-07-18 16:22:46 INFO  com.app.main.BankMain  - 
Enter your Choice between 1-6 
[main] 2021-07-18 16:22:52 INFO  com.app.main.BankMain  - 
WelcomeAfzaal Khan
[main] 2021-07-18 16:22:52 INFO  com.app.main.BankMain  - 
1.Open Bank Account
[main] 2021-07-18 16:22:52 INFO  com.app.main.BankMain  - 
2.Account Approve
[main] 2021-07-18 16:22:52 INFO  com.app.main.BankMain  - 
3.View Customer's Details 
[main] 2021-07-18 16:22:52 INFO  com.app.main.BankMain  - 
4.View Customer's Account Details 
[main] 2021-07-18 16:22:52 INFO  com.app.main.BankMain  - 
5.View Customer's Transaction Detail 
[main] 2021-07-18 16:22:52 INFO  com.app.main.BankMain  - 
6.Logout 
[main] 2021-07-18 16:22:52 INFO  com.app.main.BankMain  - 
Enter your Choice between 1-6 
[main] 2021-07-18 16:23:08 INFO  com.app.main.BankMain  - Welcome to Bank App V1.0
[main] 2021-07-18 16:23:08 INFO  com.app.main.BankMain  - ==========================
[main] 2021-07-18 16:23:08 INFO  com.app.main.BankMain  - 
Bank Menu
[main] 2021-07-18 16:23:08 INFO  com.app.main.BankMain  - 1.Login
[main] 2021-07-18 16:23:08 INFO  com.app.main.BankMain  - 2.Register as Customer
[main] 2021-07-18 16:23:08 INFO  com.app.main.BankMain  - 3.Exit
[main] 2021-07-18 16:23:08 INFO  com.app.main.BankMain  - Enter your Choice 1-3
[main] 2021-07-18 16:23:18 INFO  com.app.main.BankMain  - 
1.Login as Employee
[main] 2021-07-18 16:23:18 INFO  com.app.main.BankMain  - 
2.Login as Customer
[main] 2021-07-18 16:23:18 INFO  com.app.main.BankMain  - 
Enter your Choice 1-2
[main] 2021-07-18 16:23:19 INFO  com.app.main.BankMain  - 
Welcome to Employee Login
[main] 2021-07-18 16:23:19 INFO  com.app.main.BankMain  - 
Enter Username
[main] 2021-07-18 16:23:23 INFO  com.app.main.BankMain  - 
Enter Password
[main] 2021-07-18 16:23:26 INFO  com.app.main.BankMain  - Invalid Login Details...Please enter the correct Details
[main] 2021-07-18 16:23:38 INFO  com.app.main.BankMain  - Welcome to Bank App V1.0
[main] 2021-07-18 16:23:38 INFO  com.app.main.BankMain  - ==========================
[main] 2021-07-18 16:23:38 INFO  com.app.main.BankMain  - 
Bank Menu
[main] 2021-07-18 16:23:38 INFO  com.app.main.BankMain  - 1.Login
[main] 2021-07-18 16:23:38 INFO  com.app.main.BankMain  - 2.Register as Customer
[main] 2021-07-18 16:23:38 INFO  com.app.main.BankMain  - 3.Exit
[main] 2021-07-18 16:23:38 INFO  com.app.main.BankMain  - Enter your Choice 1-3
[main] 2021-07-18 16:23:41 INFO  com.app.main.BankMain  - 
1.Login as Employee
[main] 2021-07-18 16:23:41 INFO  com.app.main.BankMain  - 
2.Login as Customer
[main] 2021-07-18 16:23:41 INFO  com.app.main.BankMain  - 
Enter your Choice 1-2
[main] 2021-07-18 16:23:42 INFO  com.app.main.BankMain  - 
Welcome to Employee Login
[main] 2021-07-18 16:23:42 INFO  com.app.main.BankMain  - 
Enter Username
[main] 2021-07-18 16:23:48 INFO  com.app.main.BankMain  - 
Enter Password
[main] 2021-07-18 16:23:51 INFO  com.app.main.BankMain  - Employee Login Successful
[main] 2021-07-18 16:23:51 INFO  com.app.main.BankMain  - 
WelcomeAfzaal Khan
[main] 2021-07-18 16:23:51 INFO  com.app.main.BankMain  - 
1.Open Bank Account
[main] 2021-07-18 16:23:51 INFO  com.app.main.BankMain  - 
2.Account Approve
[main] 2021-07-18 16:23:51 INFO  com.app.main.BankMain  - 
3.View Customer's Details 
[main] 2021-07-18 16:23:51 INFO  com.app.main.BankMain  - 
4.View Customer's Account Details 
[main] 2021-07-18 16:23:51 INFO  com.app.main.BankMain  - 
5.View Customer's Transaction Detail 
[main] 2021-07-18 16:23:51 INFO  com.app.main.BankMain  - 
6.Logout 
[main] 2021-07-18 16:23:51 INFO  com.app.main.BankMain  - 
Enter your Choice between 1-6 
[main] 2021-07-18 16:24:01 INFO  com.app.main.BankMain  - 
WelcomeAfzaal Khan
[main] 2021-07-18 16:24:01 INFO  com.app.main.BankMain  - 
1.Open Bank Account
[main] 2021-07-18 16:24:01 INFO  com.app.main.BankMain  - 
2.Account Approve
[main] 2021-07-18 16:24:01 INFO  com.app.main.BankMain  - 
3.View Customer's Details 
[main] 2021-07-18 16:24:01 INFO  com.app.main.BankMain  - 
4.View Customer's Account Details 
[main] 2021-07-18 16:24:01 INFO  com.app.main.BankMain  - 
5.View Customer's Transaction Detail 
[main] 2021-07-18 16:24:01 INFO  com.app.main.BankMain  - 
6.Logout 
[main] 2021-07-18 16:24:01 INFO  com.app.main.BankMain  - 
Enter your Choice between 1-6 
[main] 2021-07-18 16:25:42 INFO  com.app.main.BankMain  - Welcome to Bank App V1.0
[main] 2021-07-18 16:25:42 INFO  com.app.main.BankMain  - ==========================
[main] 2021-07-18 16:25:42 INFO  com.app.main.BankMain  - 
Bank Menu
[main] 2021-07-18 16:25:42 INFO  com.app.main.BankMain  - 1.Login
[main] 2021-07-18 16:25:42 INFO  com.app.main.BankMain  - 2.Register as Customer
[main] 2021-07-18 16:25:42 INFO  com.app.main.BankMain  - 3.Exit
[main] 2021-07-18 16:25:42 INFO  com.app.main.BankMain  - Enter your Choice 1-3
[main] 2021-07-18 16:25:44 INFO  com.app.main.BankMain  - 
1.Login as Employee
[main] 2021-07-18 16:25:44 INFO  com.app.main.BankMain  - 
2.Login as Customer
[main] 2021-07-18 16:25:44 INFO  com.app.main.BankMain  - 
Enter your Choice 1-2
[main] 2021-07-18 16:25:45 INFO  com.app.main.BankMain  - 
Welcome to Employee Login
[main] 2021-07-18 16:25:45 INFO  com.app.main.BankMain  - 
Enter Username
[main] 2021-07-18 16:25:51 INFO  com.app.main.BankMain  - 
Enter Password
[main] 2021-07-18 16:25:55 INFO  com.app.main.BankMain  - Employee Login Successful
[main] 2021-07-18 16:25:55 INFO  com.app.main.BankMain  - 
WelcomeAfzaal Khan
[main] 2021-07-18 16:25:55 INFO  com.app.main.BankMain  - 
1.Open Bank Account
[main] 2021-07-18 16:25:55 INFO  com.app.main.BankMain  - 
2.Account Approve
[main] 2021-07-18 16:25:55 INFO  com.app.main.BankMain  - 
3.View Customer's Details 
[main] 2021-07-18 16:25:55 INFO  com.app.main.BankMain  - 
4.View Customer's Transaction Detail 
[main] 2021-07-18 16:25:55 INFO  com.app.main.BankMain  - 
5.Logout 
[main] 2021-07-18 16:25:55 INFO  com.app.main.BankMain  - 
Enter your Choice between 1-6 
[main] 2021-07-18 16:26:02 INFO  com.app.main.BankMain  - Bank [name=null, email=null, username=null, password=null, mobileno=0, empusername=null, emppassword=null, custusername=Afzaal Khan, custfname=Afzaal, custlname=Khan, custdob=10-07-1998, custadhar=34567898765, custpan=68987654fg, custcity=Pilibhit, custstate=UP, custopeningbalance=1000.0]
[main] 2021-07-18 16:26:02 INFO  com.app.main.BankMain  - Bank [name=null, email=null, username=null, password=null, mobileno=0, empusername=null, emppassword=null, custusername=Ankush, custfname=Ankush, custlname=Aggrawal, custdob=11-08-1997, custadhar=4567098765678, custpan=67iu56789, custcity=Delhi, custstate=New Delhi, custopeningbalance=1000.0]
[main] 2021-07-18 16:26:02 INFO  com.app.main.BankMain  - 
WelcomeAfzaal Khan
[main] 2021-07-18 16:26:02 INFO  com.app.main.BankMain  - 
1.Open Bank Account
[main] 2021-07-18 16:26:02 INFO  com.app.main.BankMain  - 
2.Account Approve
[main] 2021-07-18 16:26:02 INFO  com.app.main.BankMain  - 
3.View Customer's Details 
[main] 2021-07-18 16:26:02 INFO  com.app.main.BankMain  - 
4.View Customer's Transaction Detail 
[main] 2021-07-18 16:26:02 INFO  com.app.main.BankMain  - 
5.Logout 
[main] 2021-07-18 16:26:02 INFO  com.app.main.BankMain  - 
Enter your Choice between 1-6 
[main] 2021-07-18 16:29:50 INFO  com.app.main.BankMain  - Welcome to Bank App V1.0
[main] 2021-07-18 16:29:50 INFO  com.app.main.BankMain  - ==========================
[main] 2021-07-18 16:29:50 INFO  com.app.main.BankMain  - 
Bank Menu
[main] 2021-07-18 16:29:50 INFO  com.app.main.BankMain  - 1.Login
[main] 2021-07-18 16:29:50 INFO  com.app.main.BankMain  - 2.Register as Customer
[main] 2021-07-18 16:29:50 INFO  com.app.main.BankMain  - 3.Exit
[main] 2021-07-18 16:29:50 INFO  com.app.main.BankMain  - Enter your Choice 1-3
[main] 2021-07-18 16:29:52 INFO  com.app.main.BankMain  - 
1.Login as Employee
[main] 2021-07-18 16:29:52 INFO  com.app.main.BankMain  - 
2.Login as Customer
[main] 2021-07-18 16:29:52 INFO  com.app.main.BankMain  - 
Enter your Choice 1-2
[main] 2021-07-18 16:29:53 INFO  com.app.main.BankMain  - 
Welcome to Employee Login
[main] 2021-07-18 16:29:53 INFO  com.app.main.BankMain  - 
Enter Username
[main] 2021-07-18 16:29:59 INFO  com.app.main.BankMain  - 
Enter Password
[main] 2021-07-18 16:30:01 INFO  com.app.main.BankMain  - Employee Login Successful
[main] 2021-07-18 16:30:01 INFO  com.app.main.BankMain  - 
WelcomeAfzaal Khan
[main] 2021-07-18 16:30:01 INFO  com.app.main.BankMain  - 
1.Open Bank Account
[main] 2021-07-18 16:30:01 INFO  com.app.main.BankMain  - 
2.Account Approve
[main] 2021-07-18 16:30:01 INFO  com.app.main.BankMain  - 
3.View Customer's Details 
[main] 2021-07-18 16:30:01 INFO  com.app.main.BankMain  - 
4.View Customer's Transaction Detail 
[main] 2021-07-18 16:30:01 INFO  com.app.main.BankMain  - 
5.Logout 
[main] 2021-07-18 16:30:01 INFO  com.app.main.BankMain  - 
Enter your Choice between 1-6 
[main] 2021-07-18 16:38:50 INFO  com.app.main.BankMain  - Welcome to Bank App V1.0
[main] 2021-07-18 16:38:50 INFO  com.app.main.BankMain  - ==========================
[main] 2021-07-18 16:38:50 INFO  com.app.main.BankMain  - 
Bank Menu
[main] 2021-07-18 16:38:50 INFO  com.app.main.BankMain  - 1.Login
[main] 2021-07-18 16:38:50 INFO  com.app.main.BankMain  - 2.Register as Customer
[main] 2021-07-18 16:38:50 INFO  com.app.main.BankMain  - 3.Exit
[main] 2021-07-18 16:38:50 INFO  com.app.main.BankMain  - Enter your Choice 1-3
[main] 2021-07-18 16:38:54 INFO  com.app.main.BankMain  - 
1.Login as Employee
[main] 2021-07-18 16:38:54 INFO  com.app.main.BankMain  - 
2.Login as Customer
[main] 2021-07-18 16:38:54 INFO  com.app.main.BankMain  - 
Enter your Choice 1-2
[main] 2021-07-18 16:38:57 INFO  com.app.main.BankMain  - 
Welcome to Employee Login
[main] 2021-07-18 16:38:57 INFO  com.app.main.BankMain  - 
Enter Username
[main] 2021-07-18 16:39:02 INFO  com.app.main.BankMain  - 
Enter Password
[main] 2021-07-18 16:39:06 INFO  com.app.main.BankMain  - Employee Login Successful
[main] 2021-07-18 16:39:06 INFO  com.app.main.BankMain  - 
WelcomeAfzaal Khan
[main] 2021-07-18 16:39:06 INFO  com.app.main.BankMain  - 
1.Open Bank Account
[main] 2021-07-18 16:39:06 INFO  com.app.main.BankMain  - 
2.Account Approve
[main] 2021-07-18 16:39:06 INFO  com.app.main.BankMain  - 
3.View Customer's Details 
[main] 2021-07-18 16:39:06 INFO  com.app.main.BankMain  - 
4.View Customer's Transaction Detail 
[main] 2021-07-18 16:39:06 INFO  com.app.main.BankMain  - 
5.Logout 
[main] 2021-07-18 16:39:06 INFO  com.app.main.BankMain  - 
Enter your Choice between 1-6 
[main] 2021-07-18 16:39:10 INFO  com.app.main.BankMain  - Welcome to Bank App V1.0
[main] 2021-07-18 16:39:10 INFO  com.app.main.BankMain  - ==========================
[main] 2021-07-18 16:39:10 INFO  com.app.main.BankMain  - 
Bank Menu
[main] 2021-07-18 16:39:10 INFO  com.app.main.BankMain  - 1.Login
[main] 2021-07-18 16:39:10 INFO  com.app.main.BankMain  - 2.Register as Customer
[main] 2021-07-18 16:39:10 INFO  com.app.main.BankMain  - 3.Exit
[main] 2021-07-18 16:39:10 INFO  com.app.main.BankMain  - Enter your Choice 1-3
[main] 2021-07-18 16:39:21 INFO  com.app.main.BankMain  - 
1.Login as Employee
[main] 2021-07-18 16:39:21 INFO  com.app.main.BankMain  - 
2.Login as Customer
[main] 2021-07-18 16:39:21 INFO  com.app.main.BankMain  - 
Enter your Choice 1-2
[main] 2021-07-18 16:39:23 INFO  com.app.main.BankMain  - 
Welcome to Customer Login
[main] 2021-07-18 16:39:23 INFO  com.app.main.BankMain  - 
Enter Username
[main] 2021-07-18 16:39:45 INFO  com.app.main.BankMain  - 
Enter Password
[main] 2021-07-18 16:39:50 INFO  com.app.main.BankMain  - Customer Login Successful
[main] 2021-07-18 16:39:50 INFO  com.app.main.BankMain  - 
Welocme Ankush to the Menu
[main] 2021-07-18 16:39:50 INFO  com.app.main.BankMain  - 
1.Open Bank Account
[main] 2021-07-18 16:39:50 INFO  com.app.main.BankMain  - 
2.Deposit Amount
[main] 2021-07-18 16:39:50 INFO  com.app.main.BankMain  - 
3.Withdraw Amount
[main] 2021-07-18 16:39:50 INFO  com.app.main.BankMain  - 
4.View Statement
[main] 2021-07-18 16:39:50 INFO  com.app.main.BankMain  - 
5.Logout
[main] 2021-07-18 16:39:50 INFO  com.app.main.BankMain  - 
Enter your choice between 1-5
[main] 2021-07-18 16:39:58 INFO  com.app.main.BankMain  - 
Logout Successfully..
[main] 2021-07-18 16:39:58 INFO  com.app.main.BankMain  - 
Going to Main Menu..
[main] 2021-07-18 16:39:58 INFO  com.app.main.BankMain  - Welcome to Bank App V1.0
[main] 2021-07-18 16:39:58 INFO  com.app.main.BankMain  - ==========================
[main] 2021-07-18 16:39:58 INFO  com.app.main.BankMain  - 
Bank Menu
[main] 2021-07-18 16:39:58 INFO  com.app.main.BankMain  - 1.Login
[main] 2021-07-18 16:39:58 INFO  com.app.main.BankMain  - 2.Register as Customer
[main] 2021-07-18 16:39:58 INFO  com.app.main.BankMain  - 3.Exit
[main] 2021-07-18 16:39:58 INFO  com.app.main.BankMain  - Enter your Choice 1-3
[main] 2021-07-18 16:41:26 INFO  com.app.main.BankMain  - Welcome to Bank App V1.0
[main] 2021-07-18 16:41:26 INFO  com.app.main.BankMain  - ==========================
[main] 2021-07-18 16:41:26 INFO  com.app.main.BankMain  - 
Bank Menu
[main] 2021-07-18 16:41:26 INFO  com.app.main.BankMain  - 1.Login
[main] 2021-07-18 16:41:26 INFO  com.app.main.BankMain  - 2.Register as Customer
[main] 2021-07-18 16:41:26 INFO  com.app.main.BankMain  - 3.Exit
[main] 2021-07-18 16:41:26 INFO  com.app.main.BankMain  - Enter your Choice 1-3
[main] 2021-07-18 16:41:29 INFO  com.app.main.BankMain  - 
1.Login as Employee
[main] 2021-07-18 16:41:29 INFO  com.app.main.BankMain  - 
2.Login as Customer
[main] 2021-07-18 16:41:29 INFO  com.app.main.BankMain  - 
Enter your Choice 1-2
[main] 2021-07-18 16:41:31 INFO  com.app.main.BankMain  - 
Welcome to Employee Login
[main] 2021-07-18 16:41:31 INFO  com.app.main.BankMain  - 
Enter Username
[main] 2021-07-18 16:41:42 INFO  com.app.main.BankMain  - 
Enter Password
[main] 2021-07-18 16:41:46 INFO  com.app.main.BankMain  - Employee Login Successful
[main] 2021-07-18 16:41:46 INFO  com.app.main.BankMain  - 
WelcomeAfzaal Khan
[main] 2021-07-18 16:41:46 INFO  com.app.main.BankMain  - 
1.Open Bank Account
[main] 2021-07-18 16:41:46 INFO  com.app.main.BankMain  - 
2.Account Approve
[main] 2021-07-18 16:41:46 INFO  com.app.main.BankMain  - 
3.View Customer's Details 
[main] 2021-07-18 16:41:46 INFO  com.app.main.BankMain  - 
4.View Customer's Transaction Detail 
[main] 2021-07-18 16:41:46 INFO  com.app.main.BankMain  - 
5.Logout 
[main] 2021-07-18 16:41:46 INFO  com.app.main.BankMain  - 
Enter your Choice between 1-6 
[main] 2021-07-18 16:41:49 INFO  com.app.main.BankMain  - 
Logout Successfully..
[main] 2021-07-18 16:41:49 INFO  com.app.main.BankMain  - 
Going to Main Menu..
[main] 2021-07-18 16:41:49 INFO  com.app.main.BankMain  - Welcome to Bank App V1.0
[main] 2021-07-18 16:41:49 INFO  com.app.main.BankMain  - ==========================
[main] 2021-07-18 16:41:49 INFO  com.app.main.BankMain  - 
Bank Menu
[main] 2021-07-18 16:41:49 INFO  com.app.main.BankMain  - 1.Login
[main] 2021-07-18 16:41:49 INFO  com.app.main.BankMain  - 2.Register as Customer
[main] 2021-07-18 16:41:49 INFO  com.app.main.BankMain  - 3.Exit
[main] 2021-07-18 16:41:49 INFO  com.app.main.BankMain  - Enter your Choice 1-3
